#! /usr/bin/vvp
:ivl_version "0.9.5 " "(v0_9_5)";
:vpi_time_precision - 11;
:vpi_module "system";
:vpi_module "v2005_math";
:vpi_module "va_math";
S_0xacdbf0 .scope module, "cuenta1_tb" "cuenta1_tb" 2 11;
 .timescale -9 -11;
v0xb00c20_0 .net "t0_cuenta", 3 0, L_0xafd2b0; 1 drivers
v0xb00ca0_0 .net "t0_fin", 0 0, L_0xb0a100; 1 drivers
v0xb00d20_0 .net "t1_cuenta", 3 0, L_0xb0a330; 1 drivers
v0xb00da0_0 .net "t1_fin", 0 0, L_0xb13100; 1 drivers
v0xb00e50_0 .var "t_clk", 0 0;
v0xb00ed0_0 .var "t_start", 0 0;
v0xb00f50_0 .var "t_valor", 2 0;
S_0xaf1aa0 .scope module, "cachibache0" "cuenta1_estados" 2 21, 3 1, S_0xacdbf0;
 .timescale -9 -11;
RS_0x7f8114952e68 .resolv tri, L_0xb07a30, L_0xb07d90, L_0xb07ed0, L_0xb08010;
L_0xafd2b0 .functor BUFZ 4, RS_0x7f8114952e68, C4<0000>, C4<0000>, C4<0000>;
v0xb00410_0 .net "CargaA", 0 0, L_0xb099b0; 1 drivers
v0xb00490_0 .net "CargaQ", 0 0, L_0xb081f0; 1 drivers
v0xaf4030_0 .alias "Cuenta", 3 0, v0xb00c20_0;
v0xb00620_0 .net "DesplazaQ", 0 0, L_0xb08ab0; 1 drivers
RS_0x7f8114952e38 .resolv tri, L_0xb056c0, L_0xb05e70, L_0xb068a0, L_0xb07310;
v0xb006a0_0 .net8 "EntA", 3 0, RS_0x7f8114952e38; 4 drivers
v0xb00770_0 .net "ResetA", 0 0, L_0xb09050; 1 drivers
v0xb007f0_0 .net8 "SalA", 3 0, RS_0x7f8114952e68; 4 drivers
RS_0x7f81149522c8 .resolv tri, L_0xb0aaf0, L_0xb0b070, L_0xb0b620, C4<zzz>;
v0xb008c0_0 .net8 "SalQ", 2 0, RS_0x7f81149522c8; 3 drivers
v0xb00990_0 .net "Valor", 2 0, v0xb00f50_0; 1 drivers
v0xb00a10_0 .net "clk", 0 0, v0xb00e50_0; 1 drivers
v0xb00a90_0 .alias "fin", 0 0, v0xb00ca0_0;
v0xb00b10_0 .net "start", 0 0, v0xb00ed0_0; 1 drivers
L_0xb0a4c0 .part RS_0x7f81149522c8, 0, 1;
S_0xaf9170 .scope module, "sum" "sum4" 3 9, 4 2, S_0xaf1aa0;
 .timescale -9 -11;
v0xaff480_0 .alias "A", 3 0, v0xb007f0_0;
v0xaff520_0 .net "B", 3 0, C4<0001>; 1 drivers
RS_0x7f8114953618 .resolv tri, L_0xb01060, L_0xb01500, L_0xb01ef0, L_0xb030d0;
v0xaff5a0_0 .net8 "C", 4 1, RS_0x7f8114953618; 4 drivers
v0xaff930_0 .alias "S", 3 0, v0xb006a0_0;
v0xaff9b0_0 .net "c1", 0 0, L_0xb05430; 1 drivers
v0xaffa60_0 .net "c2", 0 0, L_0xb05be0; 1 drivers
v0xaffae0_0 .net "c3", 0 0, L_0xb06610; 1 drivers
v0xaffb90_0 .net "c4", 0 0, L_0xb07000; 1 drivers
v0xaffc90_0 .net "c_in", 0 0, C4<0>; 1 drivers
v0xaffd10_0 .net "c_out", 0 0, L_0xb07850; 1 drivers
v0xaffd90_0 .net "g0", 0 0, L_0xb05660; 1 drivers
v0xaffe40_0 .net "g1", 0 0, L_0xb05e10; 1 drivers
v0xaffef0_0 .net "g2", 0 0, L_0xb06840; 1 drivers
v0xafffa0_0 .net "g3", 0 0, L_0xb07290; 1 drivers
v0xb000d0_0 .net "p0", 0 0, L_0xb054e0; 1 drivers
v0xb00180_0 .net "p1", 0 0, L_0xb05c90; 1 drivers
v0xb00020_0 .net "p2", 0 0, L_0xb066c0; 1 drivers
v0xb002f0_0 .net "p3", 0 0, L_0xb070f0; 1 drivers
L_0xb04a50 .concat [ 1 1 1 1], L_0xb05660, L_0xb05e10, L_0xb06840, L_0xb07290;
L_0xb04e80 .concat [ 1 1 1 1], L_0xb054e0, L_0xb05c90, L_0xb066c0, L_0xb070f0;
L_0xb056c0 .part/pv L_0xb05210, 0, 1, 4;
L_0xb05760 .part RS_0x7f8114952e68, 0, 1;
L_0xb05890 .part C4<0001>, 0, 1;
L_0xb05e70 .part/pv L_0xb059f0, 1, 1, 4;
L_0xb05fe0 .part RS_0x7f8114952e68, 1, 1;
L_0xb06080 .part C4<0001>, 1, 1;
L_0xb06120 .part RS_0x7f8114953618, 0, 1;
L_0xb068a0 .part/pv L_0xb063a0, 2, 1, 4;
L_0xb069a0 .part RS_0x7f8114952e68, 2, 1;
L_0xb06a40 .part C4<0001>, 2, 1;
L_0xb06b50 .part RS_0x7f8114953618, 1, 1;
L_0xb07310 .part/pv L_0xb06d60, 3, 1, 4;
L_0xb073b0 .part RS_0x7f8114952e68, 3, 1;
L_0xb07450 .part C4<0001>, 3, 1;
L_0xb07610 .part RS_0x7f8114953618, 2, 1;
L_0xb07850 .part RS_0x7f8114953618, 3, 1;
S_0xafcbf0 .scope module, "cla" "cla_4" 4 6, 4 34, S_0xaf9170;
 .timescale -9 -11;
L_0xb01290 .functor AND 1, L_0xb011f0, C4<0>, C4<1>, C4<1>;
L_0xb01400 .functor OR 1, L_0xb01150, L_0xb01290, C4<0>, C4<0>;
L_0xb01820 .functor AND 1, L_0xb01690, L_0xb01780, C4<1>, C4<1>;
L_0xb01920 .functor OR 1, L_0xb015a0, L_0xb01820, C4<0>, C4<0>;
L_0xb01c40 .functor AND 1, L_0xb01a20, L_0xb01b10, C4<1>, C4<1>;
L_0xb01cf0 .functor AND 1, L_0xb01c40, C4<0>, C4<1>, C4<1>;
L_0xb01da0 .functor OR 1, L_0xb01920, L_0xb01cf0, C4<0>, C4<0>;
L_0xb02020 .functor AND 1, L_0xb021b0, L_0xb022c0, C4<1>, C4<1>;
L_0xb02360 .functor OR 1, L_0xb02080, L_0xb02020, C4<0>, C4<0>;
L_0xb02620 .functor AND 1, L_0xb02460, L_0xb02580, C4<1>, C4<1>;
L_0xb028b0 .functor AND 1, L_0xb02620, L_0xb02780, C4<1>, C4<1>;
L_0xb02960 .functor OR 1, L_0xb02360, L_0xb028b0, C4<0>, C4<0>;
L_0xb02720 .functor AND 1, L_0xb02a60, L_0xb02c10, C4<1>, C4<1>;
L_0xb02df0 .functor AND 1, L_0xb02720, L_0xb02d50, C4<1>, C4<1>;
L_0xb02ef0 .functor AND 1, L_0xb02df0, C4<0>, C4<1>, C4<1>;
L_0xafe2f0 .functor OR 1, L_0xb02960, L_0xb02ef0, C4<0>, C4<0>;
L_0xb02120 .functor AND 1, L_0xb03220, L_0xb03170, C4<1>, C4<1>;
L_0xb03530 .functor OR 1, L_0xb02cb0, L_0xb02120, C4<0>, C4<0>;
L_0xb03040 .functor AND 1, L_0xb036d0, L_0xb032c0, C4<1>, C4<1>;
L_0xb03770 .functor AND 1, L_0xb03040, L_0xb038e0, C4<1>, C4<1>;
L_0xb03630 .functor OR 1, L_0xb03530, L_0xb03770, C4<0>, C4<0>;
L_0xb03980 .functor AND 1, L_0xb03c00, L_0xb03ca0, C4<1>, C4<1>;
L_0xb02b00 .functor AND 1, L_0xb03980, L_0xb03ab0, C4<1>, C4<1>;
L_0xb03d40 .functor AND 1, L_0xb02b00, L_0xb04150, C4<1>, C4<1>;
L_0xb03e80 .functor OR 1, L_0xb03630, L_0xb03d40, C4<0>, C4<0>;
L_0xb041f0 .functor AND 1, L_0xb04460, L_0xb04500, C4<1>, C4<1>;
L_0xb04790 .functor AND 1, L_0xb041f0, L_0xb04340, C4<1>, C4<1>;
L_0xb045a0 .functor AND 1, L_0xb04790, L_0xb04890, C4<1>, C4<1>;
L_0xb046b0 .functor AND 1, L_0xb045a0, C4<0>, C4<1>, C4<1>;
L_0xb04b40 .functor OR 1, L_0xb03e80, L_0xb046b0, C4<0>, C4<0>;
v0xafcce0_0 .alias "C", 4 1, v0xaff5a0_0;
v0xafcd60_0 .net "G", 3 0, L_0xb04a50; 1 drivers
v0xafcde0_0 .net "P", 3 0, L_0xb04e80; 1 drivers
v0xafce60_0 .net *"_s101", 0 0, L_0xb03ab0; 1 drivers
v0xafcee0_0 .net *"_s102", 0 0, L_0xb02b00; 1 drivers
v0xafcf60_0 .net *"_s105", 0 0, L_0xb04150; 1 drivers
v0xafd000_0 .net *"_s106", 0 0, L_0xb03d40; 1 drivers
v0xafd0a0_0 .net *"_s108", 0 0, L_0xb03e80; 1 drivers
v0xafd190_0 .net *"_s111", 0 0, L_0xb04460; 1 drivers
v0xafd230_0 .net *"_s113", 0 0, L_0xb04500; 1 drivers
v0xafd330_0 .net *"_s114", 0 0, L_0xb041f0; 1 drivers
v0xafd3d0_0 .net *"_s117", 0 0, L_0xb04340; 1 drivers
v0xafd470_0 .net *"_s118", 0 0, L_0xb04790; 1 drivers
v0xafd510_0 .net *"_s121", 0 0, L_0xb04890; 1 drivers
v0xafd630_0 .net *"_s122", 0 0, L_0xb045a0; 1 drivers
v0xafd6d0_0 .net *"_s124", 0 0, L_0xb046b0; 1 drivers
v0xafd590_0 .net *"_s126", 0 0, L_0xb04b40; 1 drivers
v0xafd820_0 .net *"_s13", 0 0, L_0xb015a0; 1 drivers
v0xafd940_0 .net *"_s15", 0 0, L_0xb01690; 1 drivers
v0xafd9c0_0 .net *"_s17", 0 0, L_0xb01780; 1 drivers
v0xafd8a0_0 .net *"_s18", 0 0, L_0xb01820; 1 drivers
v0xafdaf0_0 .net *"_s20", 0 0, L_0xb01920; 1 drivers
v0xafda40_0 .net *"_s23", 0 0, L_0xb01a20; 1 drivers
v0xafdc30_0 .net *"_s25", 0 0, L_0xb01b10; 1 drivers
v0xafdb90_0 .net *"_s26", 0 0, L_0xb01c40; 1 drivers
v0xafdd80_0 .net *"_s28", 0 0, L_0xb01cf0; 1 drivers
v0xafdcd0_0 .net *"_s3", 0 0, L_0xb01150; 1 drivers
v0xafdee0_0 .net *"_s30", 0 0, L_0xb01da0; 1 drivers
v0xafde20_0 .net *"_s35", 0 0, L_0xb02080; 1 drivers
v0xafe050_0 .net *"_s37", 0 0, L_0xb021b0; 1 drivers
v0xafdf60_0 .net *"_s39", 0 0, L_0xb022c0; 1 drivers
v0xafe1d0_0 .net *"_s40", 0 0, L_0xb02020; 1 drivers
v0xafe0d0_0 .net *"_s42", 0 0, L_0xb02360; 1 drivers
v0xafe360_0 .net *"_s45", 0 0, L_0xb02460; 1 drivers
v0xafe250_0 .net *"_s47", 0 0, L_0xb02580; 1 drivers
v0xafe500_0 .net *"_s48", 0 0, L_0xb02620; 1 drivers
v0xafe3e0_0 .net *"_s5", 0 0, L_0xb011f0; 1 drivers
v0xafe480_0 .net *"_s51", 0 0, L_0xb02780; 1 drivers
v0xafe6c0_0 .net *"_s52", 0 0, L_0xb028b0; 1 drivers
v0xafe740_0 .net *"_s54", 0 0, L_0xb02960; 1 drivers
v0xafe580_0 .net *"_s57", 0 0, L_0xb02a60; 1 drivers
v0xafe620_0 .net *"_s59", 0 0, L_0xb02c10; 1 drivers
v0xafe920_0 .net *"_s6", 0 0, L_0xb01290; 1 drivers
v0xafe9a0_0 .net *"_s60", 0 0, L_0xb02720; 1 drivers
v0xafe7c0_0 .net *"_s63", 0 0, L_0xb02d50; 1 drivers
v0xafe860_0 .net *"_s64", 0 0, L_0xb02df0; 1 drivers
v0xafeba0_0 .net *"_s66", 0 0, L_0xb02ef0; 1 drivers
v0xafec20_0 .net *"_s68", 0 0, L_0xafe2f0; 1 drivers
v0xafea40_0 .net *"_s73", 0 0, L_0xb02cb0; 1 drivers
v0xafeae0_0 .net *"_s75", 0 0, L_0xb03220; 1 drivers
v0xafee40_0 .net *"_s77", 0 0, L_0xb03170; 1 drivers
v0xafeec0_0 .net *"_s78", 0 0, L_0xb02120; 1 drivers
v0xafecc0_0 .net *"_s8", 0 0, L_0xb01400; 1 drivers
v0xafed60_0 .net *"_s80", 0 0, L_0xb03530; 1 drivers
v0xaff100_0 .net *"_s83", 0 0, L_0xb036d0; 1 drivers
v0xaff180_0 .net *"_s85", 0 0, L_0xb032c0; 1 drivers
v0xafef40_0 .net *"_s86", 0 0, L_0xb03040; 1 drivers
v0xafefe0_0 .net *"_s89", 0 0, L_0xb038e0; 1 drivers
v0xaff080_0 .net *"_s90", 0 0, L_0xb03770; 1 drivers
v0xaff400_0 .net *"_s92", 0 0, L_0xb03630; 1 drivers
v0xaff220_0 .net *"_s95", 0 0, L_0xb03c00; 1 drivers
v0xaff2c0_0 .net *"_s97", 0 0, L_0xb03ca0; 1 drivers
v0xaff360_0 .net *"_s98", 0 0, L_0xb03980; 1 drivers
v0xaff6a0_0 .alias "c_in", 0 0, v0xaffc90_0;
L_0xb01060 .part/pv L_0xb01400, 0, 1, 4;
L_0xb01150 .part L_0xb04a50, 0, 1;
L_0xb011f0 .part L_0xb04e80, 0, 1;
L_0xb01500 .part/pv L_0xb01da0, 1, 1, 4;
L_0xb015a0 .part L_0xb04a50, 1, 1;
L_0xb01690 .part L_0xb04e80, 1, 1;
L_0xb01780 .part L_0xb04a50, 0, 1;
L_0xb01a20 .part L_0xb04e80, 1, 1;
L_0xb01b10 .part L_0xb04e80, 0, 1;
L_0xb01ef0 .part/pv L_0xafe2f0, 2, 1, 4;
L_0xb02080 .part L_0xb04a50, 2, 1;
L_0xb021b0 .part L_0xb04e80, 2, 1;
L_0xb022c0 .part L_0xb04a50, 1, 1;
L_0xb02460 .part L_0xb04e80, 2, 1;
L_0xb02580 .part L_0xb04e80, 1, 1;
L_0xb02780 .part L_0xb04a50, 0, 1;
L_0xb02a60 .part L_0xb04e80, 2, 1;
L_0xb02c10 .part L_0xb04e80, 1, 1;
L_0xb02d50 .part L_0xb04e80, 0, 1;
L_0xb030d0 .part/pv L_0xb04b40, 3, 1, 4;
L_0xb02cb0 .part L_0xb04a50, 3, 1;
L_0xb03220 .part L_0xb04e80, 3, 1;
L_0xb03170 .part L_0xb04a50, 2, 1;
L_0xb036d0 .part L_0xb04e80, 3, 1;
L_0xb032c0 .part L_0xb04e80, 2, 1;
L_0xb038e0 .part L_0xb04a50, 1, 1;
L_0xb03c00 .part L_0xb04e80, 3, 1;
L_0xb03ca0 .part L_0xb04e80, 2, 1;
L_0xb03ab0 .part L_0xb04e80, 1, 1;
L_0xb04150 .part L_0xb04a50, 0, 1;
L_0xb04460 .part L_0xb04e80, 3, 1;
L_0xb04500 .part L_0xb04e80, 2, 1;
L_0xb04340 .part L_0xb04e80, 1, 1;
L_0xb04890 .part L_0xb04e80, 0, 1;
S_0xafbd90 .scope module, "fa0" "fa_v3" 4 7, 4 15, S_0xaf9170;
 .timescale -9 -11;
L_0xb05430 .functor OR 1, L_0xb05160, L_0xb053d0, C4<0>, C4<0>;
L_0xb054e0 .functor OR 1, L_0xb05760, L_0xb05890, C4<0>, C4<0>;
L_0xb05660 .functor AND 1, L_0xb05760, L_0xb05890, C4<1>, C4<1>;
v0xafc520_0 .net "a", 0 0, L_0xb05760; 1 drivers
v0xafc5d0_0 .net "b", 0 0, L_0xb05890; 1 drivers
v0xafc680_0 .alias "c_in", 0 0, v0xaffc90_0;
v0xafc730_0 .alias "c_out", 0 0, v0xaff9b0_0;
v0xafc7e0_0 .net "carry1", 0 0, L_0xb05160; 1 drivers
v0xafc890_0 .net "carry2", 0 0, L_0xb053d0; 1 drivers
v0xafc910_0 .alias "g", 0 0, v0xaffd90_0;
v0xafc990_0 .alias "p", 0 0, v0xb000d0_0;
v0xafca60_0 .net "sum", 0 0, L_0xb05210; 1 drivers
v0xafcb10_0 .net "sum_par", 0 0, L_0xb05060; 1 drivers
S_0xafc170 .scope module, "ha1" "ha_vr" 4 19, 4 27, S_0xafbd90;
 .timescale -9 -11;
L_0xb05060/d .functor XOR 1, L_0xb05760, L_0xb05890, C4<0>, C4<0>;
L_0xb05060 .delay (100,100,100) L_0xb05060/d;
L_0xb05160/d .functor AND 1, L_0xb05760, L_0xb05890, C4<1>, C4<1>;
L_0xb05160 .delay (100,100,100) L_0xb05160/d;
v0xafc260_0 .alias "a", 0 0, v0xafc520_0;
v0xafc300_0 .alias "b", 0 0, v0xafc5d0_0;
v0xafc3a0_0 .alias "carry", 0 0, v0xafc7e0_0;
v0xafc440_0 .alias "sum", 0 0, v0xafcb10_0;
S_0xafbe80 .scope module, "ha2" "ha_vr" 4 20, 4 27, S_0xafbd90;
 .timescale -9 -11;
L_0xb05210/d .functor XOR 1, C4<0>, L_0xb05060, C4<0>, C4<0>;
L_0xb05210 .delay (100,100,100) L_0xb05210/d;
L_0xb053d0/d .functor AND 1, C4<0>, L_0xb05060, C4<1>, C4<1>;
L_0xb053d0 .delay (100,100,100) L_0xb053d0/d;
v0xafbf70_0 .alias "a", 0 0, v0xaffc90_0;
v0xafbff0_0 .alias "b", 0 0, v0xafcb10_0;
v0xafc070_0 .alias "carry", 0 0, v0xafc890_0;
v0xafc0f0_0 .alias "sum", 0 0, v0xafca60_0;
S_0xafaf30 .scope module, "fa1" "fa_v3" 4 8, 4 15, S_0xaf9170;
 .timescale -9 -11;
L_0xb05be0 .functor OR 1, L_0xb05990, L_0xb05b80, C4<0>, C4<0>;
L_0xb05c90 .functor OR 1, L_0xb05fe0, L_0xb06080, C4<0>, C4<0>;
L_0xb05e10 .functor AND 1, L_0xb05fe0, L_0xb06080, C4<1>, C4<1>;
v0xafb6c0_0 .net "a", 0 0, L_0xb05fe0; 1 drivers
v0xafb770_0 .net "b", 0 0, L_0xb06080; 1 drivers
v0xafb820_0 .net "c_in", 0 0, L_0xb06120; 1 drivers
v0xafb8d0_0 .alias "c_out", 0 0, v0xaffa60_0;
v0xafb980_0 .net "carry1", 0 0, L_0xb05990; 1 drivers
v0xafba30_0 .net "carry2", 0 0, L_0xb05b80; 1 drivers
v0xafbab0_0 .alias "g", 0 0, v0xaffe40_0;
v0xafbb30_0 .alias "p", 0 0, v0xb00180_0;
v0xafbc00_0 .net "sum", 0 0, L_0xb059f0; 1 drivers
v0xafbcb0_0 .net "sum_par", 0 0, L_0xb05930; 1 drivers
S_0xafb310 .scope module, "ha1" "ha_vr" 4 19, 4 27, S_0xafaf30;
 .timescale -9 -11;
L_0xb05930/d .functor XOR 1, L_0xb05fe0, L_0xb06080, C4<0>, C4<0>;
L_0xb05930 .delay (100,100,100) L_0xb05930/d;
L_0xb05990/d .functor AND 1, L_0xb05fe0, L_0xb06080, C4<1>, C4<1>;
L_0xb05990 .delay (100,100,100) L_0xb05990/d;
v0xafb400_0 .alias "a", 0 0, v0xafb6c0_0;
v0xafb4a0_0 .alias "b", 0 0, v0xafb770_0;
v0xafb540_0 .alias "carry", 0 0, v0xafb980_0;
v0xafb5e0_0 .alias "sum", 0 0, v0xafbcb0_0;
S_0xafb020 .scope module, "ha2" "ha_vr" 4 20, 4 27, S_0xafaf30;
 .timescale -9 -11;
L_0xb059f0/d .functor XOR 1, L_0xb06120, L_0xb05930, C4<0>, C4<0>;
L_0xb059f0 .delay (100,100,100) L_0xb059f0/d;
L_0xb05b80/d .functor AND 1, L_0xb06120, L_0xb05930, C4<1>, C4<1>;
L_0xb05b80 .delay (100,100,100) L_0xb05b80/d;
v0xafb110_0 .alias "a", 0 0, v0xafb820_0;
v0xafb190_0 .alias "b", 0 0, v0xafbcb0_0;
v0xafb210_0 .alias "carry", 0 0, v0xafba30_0;
v0xafb290_0 .alias "sum", 0 0, v0xafbc00_0;
S_0xafa120 .scope module, "fa2" "fa_v3" 4 9, 4 15, S_0xaf9170;
 .timescale -9 -11;
L_0xb06610 .functor OR 1, L_0xb062b0, L_0xb06570, C4<0>, C4<0>;
L_0xb066c0 .functor OR 1, L_0xb069a0, L_0xb06a40, C4<0>, C4<0>;
L_0xb06840 .functor AND 1, L_0xb069a0, L_0xb06a40, C4<1>, C4<1>;
v0xafa8b0_0 .net "a", 0 0, L_0xb069a0; 1 drivers
v0xafa960_0 .net "b", 0 0, L_0xb06a40; 1 drivers
v0xafaa10_0 .net "c_in", 0 0, L_0xb06b50; 1 drivers
v0xafaac0_0 .alias "c_out", 0 0, v0xaffae0_0;
v0xafab70_0 .net "carry1", 0 0, L_0xb062b0; 1 drivers
v0xafac20_0 .net "carry2", 0 0, L_0xb06570; 1 drivers
v0xafaca0_0 .alias "g", 0 0, v0xaffef0_0;
v0xafad20_0 .alias "p", 0 0, v0xb00020_0;
v0xafada0_0 .net "sum", 0 0, L_0xb063a0; 1 drivers
v0xafae50_0 .net "sum_par", 0 0, L_0xb06250; 1 drivers
S_0xafa500 .scope module, "ha1" "ha_vr" 4 19, 4 27, S_0xafa120;
 .timescale -9 -11;
L_0xb06250/d .functor XOR 1, L_0xb069a0, L_0xb06a40, C4<0>, C4<0>;
L_0xb06250 .delay (100,100,100) L_0xb06250/d;
L_0xb062b0/d .functor AND 1, L_0xb069a0, L_0xb06a40, C4<1>, C4<1>;
L_0xb062b0 .delay (100,100,100) L_0xb062b0/d;
v0xafa5f0_0 .alias "a", 0 0, v0xafa8b0_0;
v0xafa690_0 .alias "b", 0 0, v0xafa960_0;
v0xafa730_0 .alias "carry", 0 0, v0xafab70_0;
v0xafa7d0_0 .alias "sum", 0 0, v0xafae50_0;
S_0xafa210 .scope module, "ha2" "ha_vr" 4 20, 4 27, S_0xafa120;
 .timescale -9 -11;
L_0xb063a0/d .functor XOR 1, L_0xb06b50, L_0xb06250, C4<0>, C4<0>;
L_0xb063a0 .delay (100,100,100) L_0xb063a0/d;
L_0xb06570/d .functor AND 1, L_0xb06b50, L_0xb06250, C4<1>, C4<1>;
L_0xb06570 .delay (100,100,100) L_0xb06570/d;
v0xafa300_0 .alias "a", 0 0, v0xafaa10_0;
v0xafa380_0 .alias "b", 0 0, v0xafae50_0;
v0xafa400_0 .alias "carry", 0 0, v0xafac20_0;
v0xafa480_0 .alias "sum", 0 0, v0xafada0_0;
S_0xaf9260 .scope module, "fa3" "fa_v3" 4 10, 4 15, S_0xaf9170;
 .timescale -9 -11;
L_0xb07000 .functor OR 1, L_0xb06cc0, L_0xb06f20, C4<0>, C4<0>;
L_0xb070f0 .functor OR 1, L_0xb073b0, L_0xb07450, C4<0>, C4<0>;
L_0xb07290 .functor AND 1, L_0xb073b0, L_0xb07450, C4<1>, C4<1>;
v0xaf9ac0_0 .net "a", 0 0, L_0xb073b0; 1 drivers
v0xaf9b70_0 .net "b", 0 0, L_0xb07450; 1 drivers
v0xaf9c20_0 .net "c_in", 0 0, L_0xb07610; 1 drivers
v0xaf9cd0_0 .alias "c_out", 0 0, v0xaffb90_0;
v0xaf9d80_0 .net "carry1", 0 0, L_0xb06cc0; 1 drivers
v0xaf9e30_0 .net "carry2", 0 0, L_0xb06f20; 1 drivers
v0xaf9ef0_0 .alias "g", 0 0, v0xafffa0_0;
v0xaf9f70_0 .alias "p", 0 0, v0xb002f0_0;
v0xaf9ff0_0 .net "sum", 0 0, L_0xb06d60; 1 drivers
v0xafa0a0_0 .net "sum_par", 0 0, L_0xb06940; 1 drivers
S_0xaf96f0 .scope module, "ha1" "ha_vr" 4 19, 4 27, S_0xaf9260;
 .timescale -9 -11;
L_0xb06940/d .functor XOR 1, L_0xb073b0, L_0xb07450, C4<0>, C4<0>;
L_0xb06940 .delay (100,100,100) L_0xb06940/d;
L_0xb06cc0/d .functor AND 1, L_0xb073b0, L_0xb07450, C4<1>, C4<1>;
L_0xb06cc0 .delay (100,100,100) L_0xb06cc0/d;
v0xaf97e0_0 .alias "a", 0 0, v0xaf9ac0_0;
v0xaf98a0_0 .alias "b", 0 0, v0xaf9b70_0;
v0xaf9940_0 .alias "carry", 0 0, v0xaf9d80_0;
v0xaf99e0_0 .alias "sum", 0 0, v0xafa0a0_0;
S_0xaf9350 .scope module, "ha2" "ha_vr" 4 20, 4 27, S_0xaf9260;
 .timescale -9 -11;
L_0xb06d60/d .functor XOR 1, L_0xb07610, L_0xb06940, C4<0>, C4<0>;
L_0xb06d60 .delay (100,100,100) L_0xb06d60/d;
L_0xb06f20/d .functor AND 1, L_0xb07610, L_0xb06940, C4<1>, C4<1>;
L_0xb06f20 .delay (100,100,100) L_0xb06f20/d;
v0xaf9440_0 .alias "a", 0 0, v0xaf9c20_0;
v0xaf9500_0 .alias "b", 0 0, v0xafa0a0_0;
v0xaf95a0_0 .alias "carry", 0 0, v0xaf9e30_0;
v0xaf9640_0 .alias "sum", 0 0, v0xaf9ff0_0;
S_0xaf77d0 .scope module, "A" "regA" 3 10, 5 1, S_0xaf1aa0;
 .timescale -9 -11;
v0xaf8e80_0 .alias "CargaA", 0 0, v0xb00410_0;
v0xaf8f20_0 .alias "ResetA", 0 0, v0xb00770_0;
v0xaf8fa0_0 .alias "clk", 0 0, v0xb00a10_0;
v0xaf9020_0 .alias "entA", 3 0, v0xb006a0_0;
v0xaf90d0_0 .alias "q", 3 0, v0xb007f0_0;
L_0xb07990 .part RS_0x7f8114952e38, 0, 1;
L_0xb07a30 .part/pv v0xaf8cc0_0, 0, 1, 4;
L_0xb07be0 .part RS_0x7f8114952e38, 1, 1;
L_0xb07d90 .part/pv v0xaf87e0_0, 1, 1, 4;
L_0xb07e30 .part RS_0x7f8114952e38, 2, 1;
L_0xb07ed0 .part/pv v0xaf8340_0, 2, 1, 4;
L_0xb07f70 .part RS_0x7f8114952e38, 3, 1;
L_0xb08010 .part/pv v0xaf7ed0_0, 3, 1, 4;
S_0xaf88e0 .scope module, "ffa0" "ffdc" 5 4, 6 1, S_0xaf77d0;
 .timescale -9 -11;
P_0xaf89d8 .param/l "retardo" 6 1, +C4<01>;
v0xaf8a90_0 .alias "carga", 0 0, v0xb00410_0;
v0xaf8ba0_0 .alias "clk", 0 0, v0xb00a10_0;
v0xaf8c20_0 .net "d", 0 0, L_0xb07990; 1 drivers
v0xaf8cc0_0 .var "q", 0 0;
v0xaf8d70_0 .alias "reset", 0 0, v0xb00770_0;
S_0xaf8490 .scope module, "ffa1" "ffdc" 5 5, 6 1, S_0xaf77d0;
 .timescale -9 -11;
P_0xaf8588 .param/l "retardo" 6 1, +C4<01>;
v0xaf8640_0 .alias "carga", 0 0, v0xb00410_0;
v0xaf86c0_0 .alias "clk", 0 0, v0xb00a10_0;
v0xaf8740_0 .net "d", 0 0, L_0xb07be0; 1 drivers
v0xaf87e0_0 .var "q", 0 0;
v0xaf8860_0 .alias "reset", 0 0, v0xb00770_0;
S_0xaf8030 .scope module, "ffa2" "ffdc" 5 6, 6 1, S_0xaf77d0;
 .timescale -9 -11;
P_0xaf8128 .param/l "retardo" 6 1, +C4<01>;
v0xaf81a0_0 .alias "carga", 0 0, v0xb00410_0;
v0xaf8220_0 .alias "clk", 0 0, v0xb00a10_0;
v0xaf82a0_0 .net "d", 0 0, L_0xb07e30; 1 drivers
v0xaf8340_0 .var "q", 0 0;
v0xaf83c0_0 .alias "reset", 0 0, v0xb00770_0;
S_0xaf7c60 .scope module, "ffa3" "ffdc" 5 7, 6 1, S_0xaf77d0;
 .timescale -9 -11;
P_0xaf5828 .param/l "retardo" 6 1, +C4<01>;
v0xaf7d50_0 .alias "carga", 0 0, v0xb00410_0;
v0xaf7dd0_0 .alias "clk", 0 0, v0xb00a10_0;
v0xaf7e50_0 .net "d", 0 0, L_0xb07f70; 1 drivers
v0xaf7ed0_0 .var "q", 0 0;
v0xaf7f80_0 .alias "reset", 0 0, v0xb00770_0;
E_0xaf56f0 .event posedge, v0xaf5720_0, v0xae48e0_0;
S_0xaf4ff0 .scope module, "uc0" "uc_estados" 3 11, 7 1, S_0xaf1aa0;
 .timescale -9 -11;
P_0xaf50e8 .param/l "S0" 7 6, C4<000>;
P_0xaf5110 .param/l "S1" 7 7, C4<001>;
P_0xaf5138 .param/l "S2" 7 8, C4<010>;
P_0xaf5160 .param/l "S3" 7 9, C4<011>;
P_0xaf5188 .param/l "S4" 7 10, C4<100>;
P_0xaf51b0 .param/l "S5" 7 11, C4<101>;
P_0xaf51d8 .param/l "S6" 7 12, C4<110>;
L_0xb08930 .functor OR 1, L_0xb08530, L_0xb08840, C4<0>, C4<0>;
L_0xb087e0 .functor OR 1, L_0xb093a0, L_0xb09300, C4<0>, C4<0>;
L_0xb09b10 .functor OR 1, L_0xb087e0, L_0xb095c0, C4<0>, C4<0>;
L_0xb09c10 .functor AND 1, L_0xb0a4c0, L_0xb09b10, C4<1>, C4<1>;
v0xaf54b0_0 .alias "CargaA", 0 0, v0xb00410_0;
v0xaf5570_0 .alias "CargaQ", 0 0, v0xb00490_0;
v0xaf55f0_0 .alias "DesplazaQ", 0 0, v0xb00620_0;
v0xaf5670_0 .alias "Fin", 0 0, v0xb00ca0_0;
v0xaf5720_0 .alias "ResetA", 0 0, v0xb00770_0;
v0xaf57a0_0 .net *"_s0", 3 0, L_0xb080b0; 1 drivers
v0xaf5880_0 .net/s *"_s10", 0 0, C4<0>; 1 drivers
v0xaf5920_0 .net *"_s14", 3 0, L_0xb08330; 1 drivers
v0xaf5a10_0 .net *"_s17", 0 0, C4<0>; 1 drivers
v0xaf5ab0_0 .net *"_s18", 3 0, C4<0010>; 1 drivers
v0xaf5b50_0 .net *"_s20", 0 0, L_0xb08530; 1 drivers
v0xaf5bf0_0 .net *"_s22", 3 0, L_0xb08670; 1 drivers
v0xaf5d00_0 .net *"_s25", 0 0, C4<0>; 1 drivers
v0xaf5da0_0 .net *"_s26", 3 0, C4<0100>; 1 drivers
v0xaf5ec0_0 .net *"_s28", 0 0, L_0xb08840; 1 drivers
v0xaf5f60_0 .net *"_s3", 0 0, C4<0>; 1 drivers
v0xaf5e20_0 .net *"_s30", 0 0, L_0xb08930; 1 drivers
v0xaf60b0_0 .net/s *"_s32", 0 0, C4<1>; 1 drivers
v0xaf61d0_0 .net/s *"_s34", 0 0, C4<0>; 1 drivers
v0xaf6250_0 .net *"_s38", 3 0, L_0xb08c90; 1 drivers
v0xaf6130_0 .net *"_s4", 3 0, C4<0000>; 1 drivers
v0xaf6380_0 .net *"_s41", 0 0, C4<0>; 1 drivers
v0xaf62d0_0 .net *"_s42", 3 0, C4<0000>; 1 drivers
v0xaf64c0_0 .net *"_s44", 0 0, L_0xb08e00; 1 drivers
v0xaf6420_0 .net/s *"_s46", 0 0, C4<1>; 1 drivers
v0xaf6610_0 .net/s *"_s48", 0 0, C4<0>; 1 drivers
v0xaf6560_0 .net *"_s52", 3 0, L_0xb09190; 1 drivers
v0xaf6770_0 .net *"_s55", 0 0, C4<0>; 1 drivers
v0xaf66b0_0 .net *"_s56", 3 0, C4<0001>; 1 drivers
v0xaf68e0_0 .net *"_s58", 0 0, L_0xb093a0; 1 drivers
v0xaf67f0_0 .net *"_s6", 0 0, L_0xb08150; 1 drivers
v0xaf6a60_0 .net *"_s60", 3 0, L_0xb09490; 1 drivers
v0xaf6960_0 .net *"_s63", 0 0, C4<0>; 1 drivers
v0xaf6bf0_0 .net *"_s64", 3 0, C4<0011>; 1 drivers
v0xaf6ae0_0 .net *"_s66", 0 0, L_0xb09300; 1 drivers
v0xaf6d90_0 .net *"_s68", 0 0, L_0xb087e0; 1 drivers
v0xaf6c70_0 .net *"_s70", 3 0, L_0xb097b0; 1 drivers
v0xaf6d10_0 .net *"_s73", 0 0, C4<0>; 1 drivers
v0xaf6f50_0 .net *"_s74", 3 0, C4<0101>; 1 drivers
v0xaf6fd0_0 .net *"_s76", 0 0, L_0xb095c0; 1 drivers
v0xaf6e10_0 .net *"_s78", 0 0, L_0xb09b10; 1 drivers
v0xaf6eb0_0 .net/s *"_s8", 0 0, C4<1>; 1 drivers
v0xaf71b0_0 .net *"_s80", 0 0, L_0xb09c10; 1 drivers
v0xaf7230_0 .net/s *"_s82", 0 0, C4<1>; 1 drivers
v0xaf7050_0 .net/s *"_s84", 0 0, C4<0>; 1 drivers
v0xaf70f0_0 .net *"_s88", 3 0, L_0xb09f50; 1 drivers
v0xaf7430_0 .net *"_s91", 0 0, C4<0>; 1 drivers
v0xaf74b0_0 .net *"_s92", 3 0, C4<0110>; 1 drivers
v0xaf72d0_0 .net *"_s94", 0 0, L_0xb09d40; 1 drivers
v0xaf7370_0 .net/s *"_s96", 0 0, C4<1>; 1 drivers
v0xaf76d0_0 .net/s *"_s98", 0 0, C4<0>; 1 drivers
v0xaf7750_0 .alias "clk", 0 0, v0xb00a10_0;
v0xaf7530_0 .var "nextstate", 2 0;
v0xaf75d0_0 .net "q0", 0 0, L_0xb0a4c0; 1 drivers
v0xaf7990_0 .alias "start", 0 0, v0xb00b10_0;
v0xaf7a10_0 .var "state", 2 0;
E_0xaf4e40 .event edge, v0xaf7a10_0;
L_0xb080b0 .concat [ 3 1 0 0], v0xaf7a10_0, C4<0>;
L_0xb08150 .cmp/eq 4, L_0xb080b0, C4<0000>;
L_0xb081f0 .functor MUXZ 1, C4<0>, C4<1>, L_0xb08150, C4<>;
L_0xb08330 .concat [ 3 1 0 0], v0xaf7a10_0, C4<0>;
L_0xb08530 .cmp/eq 4, L_0xb08330, C4<0010>;
L_0xb08670 .concat [ 3 1 0 0], v0xaf7a10_0, C4<0>;
L_0xb08840 .cmp/eq 4, L_0xb08670, C4<0100>;
L_0xb08ab0 .functor MUXZ 1, C4<0>, C4<1>, L_0xb08930, C4<>;
L_0xb08c90 .concat [ 3 1 0 0], v0xaf7a10_0, C4<0>;
L_0xb08e00 .cmp/eq 4, L_0xb08c90, C4<0000>;
L_0xb09050 .functor MUXZ 1, C4<0>, C4<1>, L_0xb08e00, C4<>;
L_0xb09190 .concat [ 3 1 0 0], v0xaf7a10_0, C4<0>;
L_0xb093a0 .cmp/eq 4, L_0xb09190, C4<0001>;
L_0xb09490 .concat [ 3 1 0 0], v0xaf7a10_0, C4<0>;
L_0xb09300 .cmp/eq 4, L_0xb09490, C4<0011>;
L_0xb097b0 .concat [ 3 1 0 0], v0xaf7a10_0, C4<0>;
L_0xb095c0 .cmp/eq 4, L_0xb097b0, C4<0101>;
L_0xb099b0 .functor MUXZ 1, C4<0>, C4<1>, L_0xb09c10, C4<>;
L_0xb09f50 .concat [ 3 1 0 0], v0xaf7a10_0, C4<0>;
L_0xb09d40 .cmp/eq 4, L_0xb09f50, C4<0110>;
L_0xb0a100 .functor MUXZ 1, C4<0>, C4<1>, L_0xb09d40, C4<>;
S_0xaf1b90 .scope module, "Q" "regQ" 3 12, 8 1, S_0xaf1aa0;
 .timescale -9 -11;
L_0xb0a600 .functor OR 1, L_0xb081f0, L_0xb08ab0, C4<0>, C4<0>;
v0xaf4c40_0 .alias "CargaQ", 0 0, v0xb00490_0;
v0xaf4cc0_0 .alias "DesplazaQ", 0 0, v0xb00620_0;
v0xaf4d40_0 .alias "clk", 0 0, v0xb00a10_0;
v0xaf4dc0_0 .net "enable", 0 0, L_0xb0a600; 1 drivers
v0xaf4e70_0 .alias "entQ", 2 0, v0xb00990_0;
v0xaf4ef0_0 .alias "q", 2 0, v0xb008c0_0;
v0xaf4f70_0 .net "reset", 0 0, C4<0>; 1 drivers
L_0xb0a9b0 .part v0xb00f50_0, 0, 1;
L_0xb0aa50 .part RS_0x7f81149522c8, 1, 1;
L_0xb0aaf0 .part/pv v0xaf45e0_0, 0, 1, 3;
L_0xb0af30 .part v0xb00f50_0, 1, 1;
L_0xb0afd0 .part RS_0x7f81149522c8, 2, 1;
L_0xb0b070 .part/pv v0xaf35f0_0, 1, 1, 3;
L_0xb0b580 .part v0xb00f50_0, 2, 1;
L_0xb0b620 .part/pv v0xaf24c0_0, 2, 1, 3;
S_0xaf3c20 .scope module, "ff0" "cdaff" 8 7, 8 13, S_0xaf1b90;
 .timescale -9 -11;
v0xaf47a0_0 .alias "carga", 0 0, v0xaf4dc0_0;
v0xaf4820_0 .alias "clk", 0 0, v0xb00a10_0;
v0xaf48a0_0 .net "inp", 0 0, L_0xb0a8b0; 1 drivers
v0xaf4920_0 .net "inp_c", 0 0, L_0xb0a9b0; 1 drivers
v0xaf49d0_0 .net "inp_d", 0 0, L_0xb0aa50; 1 drivers
v0xaf4a80_0 .net "q", 0 0, v0xaf45e0_0; 1 drivers
v0xaf4b40_0 .alias "reset", 0 0, v0xaf4f70_0;
v0xaf4bc0_0 .alias "selc_d", 0 0, v0xb00490_0;
S_0xaf4240 .scope module, "ff0" "ffdc" 8 15, 6 1, S_0xaf3c20;
 .timescale -9 -11;
P_0xaf4338 .param/l "retardo" 6 1, +C4<01>;
v0xaf43d0_0 .alias "carga", 0 0, v0xaf4dc0_0;
v0xaf44e0_0 .alias "clk", 0 0, v0xb00a10_0;
v0xaf4560_0 .alias "d", 0 0, v0xaf48a0_0;
v0xaf45e0_0 .var "q", 0 0;
v0xaf4690_0 .alias "reset", 0 0, v0xaf4f70_0;
S_0xaf3d10 .scope module, "mux0" "mux2_1_i1" 8 16, 8 20, S_0xaf3c20;
 .timescale -9 -11;
L_0xb0a6f0 .functor NOT 1, L_0xb081f0, C4<0>, C4<0>, C4<0>;
L_0xb0a750 .functor AND 1, L_0xb0aa50, L_0xb0a6f0, C4<1>, C4<1>;
L_0xb0a800 .functor AND 1, L_0xb0a9b0, L_0xb081f0, C4<1>, C4<1>;
L_0xb0a8b0 .functor OR 1, L_0xb0a750, L_0xb0a800, C4<0>, C4<0>;
v0xaf3e00_0 .alias "a", 0 0, v0xaf49d0_0;
v0xaf3e80_0 .alias "b", 0 0, v0xaf4920_0;
v0xaf3f00_0 .alias "out", 0 0, v0xaf48a0_0;
v0xaf3f80_0 .alias "s", 0 0, v0xb00490_0;
v0xaf40c0_0 .net "s_n", 0 0, L_0xb0a6f0; 1 drivers
v0xaf4140_0 .net "sa", 0 0, L_0xb0a750; 1 drivers
v0xaf41c0_0 .net "sb", 0 0, L_0xb0a800; 1 drivers
S_0xaf2cd0 .scope module, "ff1" "cdaff" 8 8, 8 13, S_0xaf1b90;
 .timescale -9 -11;
v0xaf3740_0 .alias "carga", 0 0, v0xaf4dc0_0;
v0xaf37c0_0 .alias "clk", 0 0, v0xb00a10_0;
v0xaf3840_0 .net "inp", 0 0, L_0xb0ae30; 1 drivers
v0xaf3910_0 .net "inp_c", 0 0, L_0xb0af30; 1 drivers
v0xaf3990_0 .net "inp_d", 0 0, L_0xb0afd0; 1 drivers
v0xaf3a10_0 .net "q", 0 0, v0xaf35f0_0; 1 drivers
v0xaf3ad0_0 .alias "reset", 0 0, v0xaf4f70_0;
v0xaf3b50_0 .alias "selc_d", 0 0, v0xb00490_0;
S_0xaf32b0 .scope module, "ff0" "ffdc" 8 15, 6 1, S_0xaf2cd0;
 .timescale -9 -11;
P_0xaf33a8 .param/l "retardo" 6 1, +C4<01>;
v0xaf3420_0 .alias "carga", 0 0, v0xaf4dc0_0;
v0xaf34f0_0 .alias "clk", 0 0, v0xb00a10_0;
v0xaf3570_0 .alias "d", 0 0, v0xaf3840_0;
v0xaf35f0_0 .var "q", 0 0;
v0xaf3670_0 .alias "reset", 0 0, v0xaf4f70_0;
S_0xaf2dc0 .scope module, "mux0" "mux2_1_i1" 8 16, 8 20, S_0xaf2cd0;
 .timescale -9 -11;
L_0xb0ac20 .functor NOT 1, L_0xb081f0, C4<0>, C4<0>, C4<0>;
L_0xb0ac80 .functor AND 1, L_0xb0afd0, L_0xb0ac20, C4<1>, C4<1>;
L_0xb0ad80 .functor AND 1, L_0xb0af30, L_0xb081f0, C4<1>, C4<1>;
L_0xb0ae30 .functor OR 1, L_0xb0ac80, L_0xb0ad80, C4<0>, C4<0>;
v0xaf2eb0_0 .alias "a", 0 0, v0xaf3990_0;
v0xaf2f30_0 .alias "b", 0 0, v0xaf3910_0;
v0xaf2fb0_0 .alias "out", 0 0, v0xaf3840_0;
v0xaf3030_0 .alias "s", 0 0, v0xb00490_0;
v0xaf3130_0 .net "s_n", 0 0, L_0xb0ac20; 1 drivers
v0xaf31b0_0 .net "sa", 0 0, L_0xb0ac80; 1 drivers
v0xaf3230_0 .net "sb", 0 0, L_0xb0ad80; 1 drivers
S_0xaf1c80 .scope module, "ff2" "cdaff" 8 9, 8 13, S_0xaf1b90;
 .timescale -9 -11;
v0xaf25f0_0 .alias "carga", 0 0, v0xaf4dc0_0;
v0xaf26a0_0 .alias "clk", 0 0, v0xb00a10_0;
v0xae86d0_0 .net "inp", 0 0, L_0xb00510; 1 drivers
v0xaf2930_0 .net "inp_c", 0 0, L_0xb0b580; 1 drivers
v0xaf29b0_0 .net "inp_d", 0 0, C4<0>; 1 drivers
v0xaf2a60_0 .net "q", 0 0, v0xaf24c0_0; 1 drivers
v0xaf2b20_0 .alias "reset", 0 0, v0xaf4f70_0;
v0xaf2bd0_0 .alias "selc_d", 0 0, v0xb00490_0;
S_0xaf21e0 .scope module, "ff0" "ffdc" 8 15, 6 1, S_0xaf1c80;
 .timescale -9 -11;
P_0xaeadc8 .param/l "retardo" 6 1, +C4<01>;
v0xaf2310_0 .alias "carga", 0 0, v0xaf4dc0_0;
v0xaf2390_0 .alias "clk", 0 0, v0xb00a10_0;
v0xaf2410_0 .alias "d", 0 0, v0xae86d0_0;
v0xaf24c0_0 .var "q", 0 0;
v0xaf2570_0 .alias "reset", 0 0, v0xaf4f70_0;
E_0xae7d10 .event posedge, v0xaf2570_0, v0xae48e0_0;
S_0xaf1d70 .scope module, "mux0" "mux2_1_i1" 8 16, 8 20, S_0xaf1c80;
 .timescale -9 -11;
L_0xb0b160 .functor NOT 1, L_0xb081f0, C4<0>, C4<0>, C4<0>;
L_0xb0b1c0 .functor AND 1, C4<0>, L_0xb0b160, C4<1>, C4<1>;
L_0xb0b2c0 .functor AND 1, L_0xb0b580, L_0xb081f0, C4<1>, C4<1>;
L_0xb00510 .functor OR 1, L_0xb0b1c0, L_0xb0b2c0, C4<0>, C4<0>;
v0xaf1e60_0 .alias "a", 0 0, v0xaf29b0_0;
v0xaf1ee0_0 .alias "b", 0 0, v0xaf2930_0;
v0xaf1f60_0 .alias "out", 0 0, v0xae86d0_0;
v0xaf1fe0_0 .alias "s", 0 0, v0xb00490_0;
v0xaf2060_0 .net "s_n", 0 0, L_0xb0b160; 1 drivers
v0xaf20e0_0 .net "sa", 0 0, L_0xb0b1c0; 1 drivers
v0xaf2160_0 .net "sb", 0 0, L_0xb0b2c0; 1 drivers
S_0xaade40 .scope module, "cachibache1" "cuenta1_cableada" 2 22, 9 1, S_0xacdbf0;
 .timescale -9 -11;
RS_0x7f8114950a08 .resolv tri, L_0xb12180, L_0xb124e0, L_0xb12620, L_0xb12760;
L_0xb0a330 .functor BUFZ 4, RS_0x7f8114950a08, C4<0000>, C4<0000>, C4<0000>;
v0xaf1320_0 .net "CargaA", 0 0, L_0xb13050; 1 drivers
v0xaf13a0_0 .net "CargaQ", 0 0, L_0xb12940; 1 drivers
v0xae6500_0 .alias "Cuenta", 3 0, v0xb00d20_0;
v0xaf1530_0 .net "DesplazaQ", 0 0, L_0xb10760; 1 drivers
RS_0x7f81149509d8 .resolv tri, L_0xb0fe50, L_0xb106c0, L_0xb110f0, L_0xb119f0;
v0xaf15b0_0 .net8 "EntA", 3 0, RS_0x7f81149509d8; 4 drivers
v0xaf1680_0 .net "ResetA", 0 0, L_0xb12b20; 1 drivers
v0xaf1700_0 .net8 "SalA", 3 0, RS_0x7f8114950a08; 4 drivers
RS_0x7f8114950528 .resolv tri, L_0xb138e0, L_0xb13dd0, L_0xb12070, C4<zzz>;
v0xaf17d0_0 .net8 "SalQ", 2 0, RS_0x7f8114950528; 3 drivers
v0xaf18a0_0 .alias "Valor", 2 0, v0xb00990_0;
v0xaf1920_0 .alias "clk", 0 0, v0xb00a10_0;
v0xaf19a0_0 .alias "fin", 0 0, v0xb00da0_0;
v0xaf1a20_0 .alias "start", 0 0, v0xb00b10_0;
L_0xb131a0 .part RS_0x7f8114950528, 0, 1;
S_0xaea080 .scope module, "sum" "sum4" 9 9, 4 2, S_0xaade40;
 .timescale -9 -11;
v0xaf0390_0 .alias "A", 3 0, v0xaf1700_0;
v0xaf0430_0 .net "B", 3 0, C4<0001>; 1 drivers
RS_0x7f81149511b8 .resolv tri, L_0xb0b860, L_0xb0bcd0, L_0xb0c6c0, L_0xb0d860;
v0xaf04b0_0 .net8 "C", 4 1, RS_0x7f81149511b8; 4 drivers
v0xaf0840_0 .alias "S", 3 0, v0xaf15b0_0;
v0xaf08c0_0 .net "c1", 0 0, L_0xb0fbc0; 1 drivers
v0xaf0970_0 .net "c2", 0 0, L_0xb10430; 1 drivers
v0xaf09f0_0 .net "c3", 0 0, L_0xb10e60; 1 drivers
v0xaf0aa0_0 .net "c4", 0 0, L_0xb11760; 1 drivers
v0xaf0ba0_0 .net "c_in", 0 0, C4<0>; 1 drivers
v0xaf0c20_0 .net "c_out", 0 0, L_0xb11f30; 1 drivers
v0xaf0ca0_0 .net "g0", 0 0, L_0xb0fdf0; 1 drivers
v0xaf0d50_0 .net "g1", 0 0, L_0xb10660; 1 drivers
v0xaf0e00_0 .net "g2", 0 0, L_0xb11090; 1 drivers
v0xaf0eb0_0 .net "g3", 0 0, L_0xb11990; 1 drivers
v0xaf0fe0_0 .net "p0", 0 0, L_0xb0fc70; 1 drivers
v0xaf1090_0 .net "p1", 0 0, L_0xb104e0; 1 drivers
v0xaf0f30_0 .net "p2", 0 0, L_0xb10f10; 1 drivers
v0xaf1200_0 .net "p3", 0 0, L_0xb11810; 1 drivers
L_0xb0f1e0 .concat [ 1 1 1 1], L_0xb0fdf0, L_0xb10660, L_0xb11090, L_0xb11990;
L_0xb0f610 .concat [ 1 1 1 1], L_0xb0fc70, L_0xb104e0, L_0xb10f10, L_0xb11810;
L_0xb0fe50 .part/pv L_0xb0f9a0, 0, 1, 4;
L_0xb0fef0 .part RS_0x7f8114950a08, 0, 1;
L_0xb10020 .part C4<0001>, 0, 1;
L_0xb106c0 .part/pv L_0xb101c0, 1, 1, 4;
L_0xb10830 .part RS_0x7f8114950a08, 1, 1;
L_0xb108d0 .part C4<0001>, 1, 1;
L_0xb10970 .part RS_0x7f81149511b8, 0, 1;
L_0xb110f0 .part/pv L_0xb10bf0, 2, 1, 4;
L_0xb111f0 .part RS_0x7f8114950a08, 2, 1;
L_0xb11290 .part C4<0001>, 2, 1;
L_0xb11330 .part RS_0x7f81149511b8, 1, 1;
L_0xb119f0 .part/pv L_0xb11540, 3, 1, 4;
L_0xb11a90 .part RS_0x7f8114950a08, 3, 1;
L_0xb11b30 .part C4<0001>, 3, 1;
L_0xb11cf0 .part RS_0x7f81149511b8, 2, 1;
L_0xb11f30 .part RS_0x7f81149511b8, 3, 1;
S_0xaedb00 .scope module, "cla" "cla_4" 4 6, 4 34, S_0xaea080;
 .timescale -9 -11;
L_0xb0ba90 .functor AND 1, L_0xb0b9f0, C4<0>, C4<1>, C4<1>;
L_0xb0bbd0 .functor OR 1, L_0xb0b950, L_0xb0ba90, C4<0>, C4<0>;
L_0xb0bff0 .functor AND 1, L_0xb0be60, L_0xb0bf50, C4<1>, C4<1>;
L_0xb0c0f0 .functor OR 1, L_0xb0bd70, L_0xb0bff0, C4<0>, C4<0>;
L_0xb0c410 .functor AND 1, L_0xb0c1f0, L_0xb0c2e0, C4<1>, C4<1>;
L_0xb0c4c0 .functor AND 1, L_0xb0c410, C4<0>, C4<1>, C4<1>;
L_0xb0c570 .functor OR 1, L_0xb0c0f0, L_0xb0c4c0, C4<0>, C4<0>;
L_0xb0c7f0 .functor AND 1, L_0xb0c980, L_0xb0ca20, C4<1>, C4<1>;
L_0xb0cac0 .functor OR 1, L_0xb0c850, L_0xb0c7f0, C4<0>, C4<0>;
L_0xb0cd00 .functor AND 1, L_0xb0cbc0, L_0xb0cc60, C4<1>, C4<1>;
L_0xb0cf90 .functor AND 1, L_0xb0cd00, L_0xb0ce60, C4<1>, C4<1>;
L_0xb0d040 .functor OR 1, L_0xb0cac0, L_0xb0cf90, C4<0>, C4<0>;
L_0xb0ce00 .functor AND 1, L_0xb0d140, L_0xb0d2f0, C4<1>, C4<1>;
L_0xb0d4d0 .functor AND 1, L_0xb0ce00, L_0xb0d430, C4<1>, C4<1>;
L_0xb0d5d0 .functor AND 1, L_0xb0d4d0, C4<0>, C4<1>, C4<1>;
L_0xb0d680 .functor OR 1, L_0xb0d040, L_0xb0d5d0, C4<0>, C4<0>;
L_0xb0c8f0 .functor AND 1, L_0xb0d9b0, L_0xb0d900, C4<1>, C4<1>;
L_0xb0dcc0 .functor OR 1, L_0xb0d390, L_0xb0c8f0, C4<0>, C4<0>;
L_0xb0d7d0 .functor AND 1, L_0xb0de60, L_0xb0da50, C4<1>, C4<1>;
L_0xb0df00 .functor AND 1, L_0xb0d7d0, L_0xb0e070, C4<1>, C4<1>;
L_0xb0ddc0 .functor OR 1, L_0xb0dcc0, L_0xb0df00, C4<0>, C4<0>;
L_0xb0e110 .functor AND 1, L_0xb0e390, L_0xb0e430, C4<1>, C4<1>;
L_0xb0d1e0 .functor AND 1, L_0xb0e110, L_0xb0e240, C4<1>, C4<1>;
L_0xb0e4d0 .functor AND 1, L_0xb0d1e0, L_0xb0e8e0, C4<1>, C4<1>;
L_0xb0e610 .functor OR 1, L_0xb0ddc0, L_0xb0e4d0, C4<0>, C4<0>;
L_0xb0e980 .functor AND 1, L_0xb0ebf0, L_0xb0ec90, C4<1>, C4<1>;
L_0xb0ef20 .functor AND 1, L_0xb0e980, L_0xb0ead0, C4<1>, C4<1>;
L_0xb0ed30 .functor AND 1, L_0xb0ef20, L_0xb0f020, C4<1>, C4<1>;
L_0xb0ee40 .functor AND 1, L_0xb0ed30, C4<0>, C4<1>, C4<1>;
L_0xb0f2d0 .functor OR 1, L_0xb0e610, L_0xb0ee40, C4<0>, C4<0>;
v0xaedbf0_0 .alias "C", 4 1, v0xaf04b0_0;
v0xaedc70_0 .net "G", 3 0, L_0xb0f1e0; 1 drivers
v0xaedcf0_0 .net "P", 3 0, L_0xb0f610; 1 drivers
v0xaedd70_0 .net *"_s101", 0 0, L_0xb0e240; 1 drivers
v0xaeddf0_0 .net *"_s102", 0 0, L_0xb0d1e0; 1 drivers
v0xaede70_0 .net *"_s105", 0 0, L_0xb0e8e0; 1 drivers
v0xaedf10_0 .net *"_s106", 0 0, L_0xb0e4d0; 1 drivers
v0xaedfb0_0 .net *"_s108", 0 0, L_0xb0e610; 1 drivers
v0xaee0a0_0 .net *"_s111", 0 0, L_0xb0ebf0; 1 drivers
v0xaee140_0 .net *"_s113", 0 0, L_0xb0ec90; 1 drivers
v0xaee240_0 .net *"_s114", 0 0, L_0xb0e980; 1 drivers
v0xaee2e0_0 .net *"_s117", 0 0, L_0xb0ead0; 1 drivers
v0xaee380_0 .net *"_s118", 0 0, L_0xb0ef20; 1 drivers
v0xaee420_0 .net *"_s121", 0 0, L_0xb0f020; 1 drivers
v0xaee540_0 .net *"_s122", 0 0, L_0xb0ed30; 1 drivers
v0xaee5e0_0 .net *"_s124", 0 0, L_0xb0ee40; 1 drivers
v0xaee4a0_0 .net *"_s126", 0 0, L_0xb0f2d0; 1 drivers
v0xaee730_0 .net *"_s13", 0 0, L_0xb0bd70; 1 drivers
v0xaee850_0 .net *"_s15", 0 0, L_0xb0be60; 1 drivers
v0xaee8d0_0 .net *"_s17", 0 0, L_0xb0bf50; 1 drivers
v0xaee7b0_0 .net *"_s18", 0 0, L_0xb0bff0; 1 drivers
v0xaeea00_0 .net *"_s20", 0 0, L_0xb0c0f0; 1 drivers
v0xaee950_0 .net *"_s23", 0 0, L_0xb0c1f0; 1 drivers
v0xaeeb40_0 .net *"_s25", 0 0, L_0xb0c2e0; 1 drivers
v0xaeeaa0_0 .net *"_s26", 0 0, L_0xb0c410; 1 drivers
v0xaeec90_0 .net *"_s28", 0 0, L_0xb0c4c0; 1 drivers
v0xaeebe0_0 .net *"_s3", 0 0, L_0xb0b950; 1 drivers
v0xaeedf0_0 .net *"_s30", 0 0, L_0xb0c570; 1 drivers
v0xaeed30_0 .net *"_s35", 0 0, L_0xb0c850; 1 drivers
v0xaeef60_0 .net *"_s37", 0 0, L_0xb0c980; 1 drivers
v0xaeee70_0 .net *"_s39", 0 0, L_0xb0ca20; 1 drivers
v0xaef0e0_0 .net *"_s40", 0 0, L_0xb0c7f0; 1 drivers
v0xaeefe0_0 .net *"_s42", 0 0, L_0xb0cac0; 1 drivers
v0xaef270_0 .net *"_s45", 0 0, L_0xb0cbc0; 1 drivers
v0xaef160_0 .net *"_s47", 0 0, L_0xb0cc60; 1 drivers
v0xaef410_0 .net *"_s48", 0 0, L_0xb0cd00; 1 drivers
v0xaef2f0_0 .net *"_s5", 0 0, L_0xb0b9f0; 1 drivers
v0xaef390_0 .net *"_s51", 0 0, L_0xb0ce60; 1 drivers
v0xaef5d0_0 .net *"_s52", 0 0, L_0xb0cf90; 1 drivers
v0xaef650_0 .net *"_s54", 0 0, L_0xb0d040; 1 drivers
v0xaef490_0 .net *"_s57", 0 0, L_0xb0d140; 1 drivers
v0xaef530_0 .net *"_s59", 0 0, L_0xb0d2f0; 1 drivers
v0xaef830_0 .net *"_s6", 0 0, L_0xb0ba90; 1 drivers
v0xaef8b0_0 .net *"_s60", 0 0, L_0xb0ce00; 1 drivers
v0xaef6d0_0 .net *"_s63", 0 0, L_0xb0d430; 1 drivers
v0xaef770_0 .net *"_s64", 0 0, L_0xb0d4d0; 1 drivers
v0xaefab0_0 .net *"_s66", 0 0, L_0xb0d5d0; 1 drivers
v0xaefb30_0 .net *"_s68", 0 0, L_0xb0d680; 1 drivers
v0xaef950_0 .net *"_s73", 0 0, L_0xb0d390; 1 drivers
v0xaef9f0_0 .net *"_s75", 0 0, L_0xb0d9b0; 1 drivers
v0xaefd50_0 .net *"_s77", 0 0, L_0xb0d900; 1 drivers
v0xaefdd0_0 .net *"_s78", 0 0, L_0xb0c8f0; 1 drivers
v0xaefbd0_0 .net *"_s8", 0 0, L_0xb0bbd0; 1 drivers
v0xaefc70_0 .net *"_s80", 0 0, L_0xb0dcc0; 1 drivers
v0xaf0010_0 .net *"_s83", 0 0, L_0xb0de60; 1 drivers
v0xaf0090_0 .net *"_s85", 0 0, L_0xb0da50; 1 drivers
v0xaefe50_0 .net *"_s86", 0 0, L_0xb0d7d0; 1 drivers
v0xaefef0_0 .net *"_s89", 0 0, L_0xb0e070; 1 drivers
v0xaeff90_0 .net *"_s90", 0 0, L_0xb0df00; 1 drivers
v0xaf0310_0 .net *"_s92", 0 0, L_0xb0ddc0; 1 drivers
v0xaf0130_0 .net *"_s95", 0 0, L_0xb0e390; 1 drivers
v0xaf01d0_0 .net *"_s97", 0 0, L_0xb0e430; 1 drivers
v0xaf0270_0 .net *"_s98", 0 0, L_0xb0e110; 1 drivers
v0xaf05b0_0 .alias "c_in", 0 0, v0xaf0ba0_0;
L_0xb0b860 .part/pv L_0xb0bbd0, 0, 1, 4;
L_0xb0b950 .part L_0xb0f1e0, 0, 1;
L_0xb0b9f0 .part L_0xb0f610, 0, 1;
L_0xb0bcd0 .part/pv L_0xb0c570, 1, 1, 4;
L_0xb0bd70 .part L_0xb0f1e0, 1, 1;
L_0xb0be60 .part L_0xb0f610, 1, 1;
L_0xb0bf50 .part L_0xb0f1e0, 0, 1;
L_0xb0c1f0 .part L_0xb0f610, 1, 1;
L_0xb0c2e0 .part L_0xb0f610, 0, 1;
L_0xb0c6c0 .part/pv L_0xb0d680, 2, 1, 4;
L_0xb0c850 .part L_0xb0f1e0, 2, 1;
L_0xb0c980 .part L_0xb0f610, 2, 1;
L_0xb0ca20 .part L_0xb0f1e0, 1, 1;
L_0xb0cbc0 .part L_0xb0f610, 2, 1;
L_0xb0cc60 .part L_0xb0f610, 1, 1;
L_0xb0ce60 .part L_0xb0f1e0, 0, 1;
L_0xb0d140 .part L_0xb0f610, 2, 1;
L_0xb0d2f0 .part L_0xb0f610, 1, 1;
L_0xb0d430 .part L_0xb0f610, 0, 1;
L_0xb0d860 .part/pv L_0xb0f2d0, 3, 1, 4;
L_0xb0d390 .part L_0xb0f1e0, 3, 1;
L_0xb0d9b0 .part L_0xb0f610, 3, 1;
L_0xb0d900 .part L_0xb0f1e0, 2, 1;
L_0xb0de60 .part L_0xb0f610, 3, 1;
L_0xb0da50 .part L_0xb0f610, 2, 1;
L_0xb0e070 .part L_0xb0f1e0, 1, 1;
L_0xb0e390 .part L_0xb0f610, 3, 1;
L_0xb0e430 .part L_0xb0f610, 2, 1;
L_0xb0e240 .part L_0xb0f610, 1, 1;
L_0xb0e8e0 .part L_0xb0f1e0, 0, 1;
L_0xb0ebf0 .part L_0xb0f610, 3, 1;
L_0xb0ec90 .part L_0xb0f610, 2, 1;
L_0xb0ead0 .part L_0xb0f610, 1, 1;
L_0xb0f020 .part L_0xb0f610, 0, 1;
S_0xaecca0 .scope module, "fa0" "fa_v3" 4 7, 4 15, S_0xaea080;
 .timescale -9 -11;
L_0xb0fbc0 .functor OR 1, L_0xb0f8f0, L_0xb0fb60, C4<0>, C4<0>;
L_0xb0fc70 .functor OR 1, L_0xb0fef0, L_0xb10020, C4<0>, C4<0>;
L_0xb0fdf0 .functor AND 1, L_0xb0fef0, L_0xb10020, C4<1>, C4<1>;
v0xaed430_0 .net "a", 0 0, L_0xb0fef0; 1 drivers
v0xaed4e0_0 .net "b", 0 0, L_0xb10020; 1 drivers
v0xaed590_0 .alias "c_in", 0 0, v0xaf0ba0_0;
v0xaed640_0 .alias "c_out", 0 0, v0xaf08c0_0;
v0xaed6f0_0 .net "carry1", 0 0, L_0xb0f8f0; 1 drivers
v0xaed7a0_0 .net "carry2", 0 0, L_0xb0fb60; 1 drivers
v0xaed820_0 .alias "g", 0 0, v0xaf0ca0_0;
v0xaed8a0_0 .alias "p", 0 0, v0xaf0fe0_0;
v0xaed970_0 .net "sum", 0 0, L_0xb0f9a0; 1 drivers
v0xaeda20_0 .net "sum_par", 0 0, L_0xb0f7f0; 1 drivers
S_0xaed080 .scope module, "ha1" "ha_vr" 4 19, 4 27, S_0xaecca0;
 .timescale -9 -11;
L_0xb0f7f0/d .functor XOR 1, L_0xb0fef0, L_0xb10020, C4<0>, C4<0>;
L_0xb0f7f0 .delay (100,100,100) L_0xb0f7f0/d;
L_0xb0f8f0/d .functor AND 1, L_0xb0fef0, L_0xb10020, C4<1>, C4<1>;
L_0xb0f8f0 .delay (100,100,100) L_0xb0f8f0/d;
v0xaed170_0 .alias "a", 0 0, v0xaed430_0;
v0xaed210_0 .alias "b", 0 0, v0xaed4e0_0;
v0xaed2b0_0 .alias "carry", 0 0, v0xaed6f0_0;
v0xaed350_0 .alias "sum", 0 0, v0xaeda20_0;
S_0xaecd90 .scope module, "ha2" "ha_vr" 4 20, 4 27, S_0xaecca0;
 .timescale -9 -11;
L_0xb0f9a0/d .functor XOR 1, C4<0>, L_0xb0f7f0, C4<0>, C4<0>;
L_0xb0f9a0 .delay (100,100,100) L_0xb0f9a0/d;
L_0xb0fb60/d .functor AND 1, C4<0>, L_0xb0f7f0, C4<1>, C4<1>;
L_0xb0fb60 .delay (100,100,100) L_0xb0fb60/d;
v0xaece80_0 .alias "a", 0 0, v0xaf0ba0_0;
v0xaecf00_0 .alias "b", 0 0, v0xaeda20_0;
v0xaecf80_0 .alias "carry", 0 0, v0xaed7a0_0;
v0xaed000_0 .alias "sum", 0 0, v0xaed970_0;
S_0xaebe40 .scope module, "fa1" "fa_v3" 4 8, 4 15, S_0xaea080;
 .timescale -9 -11;
L_0xb10430 .functor OR 1, L_0xb10120, L_0xb10390, C4<0>, C4<0>;
L_0xb104e0 .functor OR 1, L_0xb10830, L_0xb108d0, C4<0>, C4<0>;
L_0xb10660 .functor AND 1, L_0xb10830, L_0xb108d0, C4<1>, C4<1>;
v0xaec5d0_0 .net "a", 0 0, L_0xb10830; 1 drivers
v0xaec680_0 .net "b", 0 0, L_0xb108d0; 1 drivers
v0xaec730_0 .net "c_in", 0 0, L_0xb10970; 1 drivers
v0xaec7e0_0 .alias "c_out", 0 0, v0xaf0970_0;
v0xaec890_0 .net "carry1", 0 0, L_0xb10120; 1 drivers
v0xaec940_0 .net "carry2", 0 0, L_0xb10390; 1 drivers
v0xaec9c0_0 .alias "g", 0 0, v0xaf0d50_0;
v0xaeca40_0 .alias "p", 0 0, v0xaf1090_0;
v0xaecb10_0 .net "sum", 0 0, L_0xb101c0; 1 drivers
v0xaecbc0_0 .net "sum_par", 0 0, L_0xb100c0; 1 drivers
S_0xaec220 .scope module, "ha1" "ha_vr" 4 19, 4 27, S_0xaebe40;
 .timescale -9 -11;
L_0xb100c0/d .functor XOR 1, L_0xb10830, L_0xb108d0, C4<0>, C4<0>;
L_0xb100c0 .delay (100,100,100) L_0xb100c0/d;
L_0xb10120/d .functor AND 1, L_0xb10830, L_0xb108d0, C4<1>, C4<1>;
L_0xb10120 .delay (100,100,100) L_0xb10120/d;
v0xaec310_0 .alias "a", 0 0, v0xaec5d0_0;
v0xaec3b0_0 .alias "b", 0 0, v0xaec680_0;
v0xaec450_0 .alias "carry", 0 0, v0xaec890_0;
v0xaec4f0_0 .alias "sum", 0 0, v0xaecbc0_0;
S_0xaebf30 .scope module, "ha2" "ha_vr" 4 20, 4 27, S_0xaebe40;
 .timescale -9 -11;
L_0xb101c0/d .functor XOR 1, L_0xb10970, L_0xb100c0, C4<0>, C4<0>;
L_0xb101c0 .delay (100,100,100) L_0xb101c0/d;
L_0xb10390/d .functor AND 1, L_0xb10970, L_0xb100c0, C4<1>, C4<1>;
L_0xb10390 .delay (100,100,100) L_0xb10390/d;
v0xaec020_0 .alias "a", 0 0, v0xaec730_0;
v0xaec0a0_0 .alias "b", 0 0, v0xaecbc0_0;
v0xaec120_0 .alias "carry", 0 0, v0xaec940_0;
v0xaec1a0_0 .alias "sum", 0 0, v0xaecb10_0;
S_0xaeb030 .scope module, "fa2" "fa_v3" 4 9, 4 15, S_0xaea080;
 .timescale -9 -11;
L_0xb10e60 .functor OR 1, L_0xb10b00, L_0xb10dc0, C4<0>, C4<0>;
L_0xb10f10 .functor OR 1, L_0xb111f0, L_0xb11290, C4<0>, C4<0>;
L_0xb11090 .functor AND 1, L_0xb111f0, L_0xb11290, C4<1>, C4<1>;
v0xaeb7c0_0 .net "a", 0 0, L_0xb111f0; 1 drivers
v0xaeb870_0 .net "b", 0 0, L_0xb11290; 1 drivers
v0xaeb920_0 .net "c_in", 0 0, L_0xb11330; 1 drivers
v0xaeb9d0_0 .alias "c_out", 0 0, v0xaf09f0_0;
v0xaeba80_0 .net "carry1", 0 0, L_0xb10b00; 1 drivers
v0xaebb30_0 .net "carry2", 0 0, L_0xb10dc0; 1 drivers
v0xaebbb0_0 .alias "g", 0 0, v0xaf0e00_0;
v0xaebc30_0 .alias "p", 0 0, v0xaf0f30_0;
v0xaebcb0_0 .net "sum", 0 0, L_0xb10bf0; 1 drivers
v0xaebd60_0 .net "sum_par", 0 0, L_0xb10aa0; 1 drivers
S_0xaeb410 .scope module, "ha1" "ha_vr" 4 19, 4 27, S_0xaeb030;
 .timescale -9 -11;
L_0xb10aa0/d .functor XOR 1, L_0xb111f0, L_0xb11290, C4<0>, C4<0>;
L_0xb10aa0 .delay (100,100,100) L_0xb10aa0/d;
L_0xb10b00/d .functor AND 1, L_0xb111f0, L_0xb11290, C4<1>, C4<1>;
L_0xb10b00 .delay (100,100,100) L_0xb10b00/d;
v0xaeb500_0 .alias "a", 0 0, v0xaeb7c0_0;
v0xaeb5a0_0 .alias "b", 0 0, v0xaeb870_0;
v0xaeb640_0 .alias "carry", 0 0, v0xaeba80_0;
v0xaeb6e0_0 .alias "sum", 0 0, v0xaebd60_0;
S_0xaeb120 .scope module, "ha2" "ha_vr" 4 20, 4 27, S_0xaeb030;
 .timescale -9 -11;
L_0xb10bf0/d .functor XOR 1, L_0xb11330, L_0xb10aa0, C4<0>, C4<0>;
L_0xb10bf0 .delay (100,100,100) L_0xb10bf0/d;
L_0xb10dc0/d .functor AND 1, L_0xb11330, L_0xb10aa0, C4<1>, C4<1>;
L_0xb10dc0 .delay (100,100,100) L_0xb10dc0/d;
v0xaeb210_0 .alias "a", 0 0, v0xaeb920_0;
v0xaeb290_0 .alias "b", 0 0, v0xaebd60_0;
v0xaeb310_0 .alias "carry", 0 0, v0xaebb30_0;
v0xaeb390_0 .alias "sum", 0 0, v0xaebcb0_0;
S_0xaea170 .scope module, "fa3" "fa_v3" 4 10, 4 15, S_0xaea080;
 .timescale -9 -11;
L_0xb11760 .functor OR 1, L_0xb114a0, L_0xb116c0, C4<0>, C4<0>;
L_0xb11810 .functor OR 1, L_0xb11a90, L_0xb11b30, C4<0>, C4<0>;
L_0xb11990 .functor AND 1, L_0xb11a90, L_0xb11b30, C4<1>, C4<1>;
v0xaea9d0_0 .net "a", 0 0, L_0xb11a90; 1 drivers
v0xaeaa80_0 .net "b", 0 0, L_0xb11b30; 1 drivers
v0xaeab30_0 .net "c_in", 0 0, L_0xb11cf0; 1 drivers
v0xaeabe0_0 .alias "c_out", 0 0, v0xaf0aa0_0;
v0xaeac90_0 .net "carry1", 0 0, L_0xb114a0; 1 drivers
v0xaead40_0 .net "carry2", 0 0, L_0xb116c0; 1 drivers
v0xaeae00_0 .alias "g", 0 0, v0xaf0eb0_0;
v0xaeae80_0 .alias "p", 0 0, v0xaf1200_0;
v0xaeaf00_0 .net "sum", 0 0, L_0xb11540; 1 drivers
v0xaeafb0_0 .net "sum_par", 0 0, L_0xb11190; 1 drivers
S_0xaea600 .scope module, "ha1" "ha_vr" 4 19, 4 27, S_0xaea170;
 .timescale -9 -11;
L_0xb11190/d .functor XOR 1, L_0xb11a90, L_0xb11b30, C4<0>, C4<0>;
L_0xb11190 .delay (100,100,100) L_0xb11190/d;
L_0xb114a0/d .functor AND 1, L_0xb11a90, L_0xb11b30, C4<1>, C4<1>;
L_0xb114a0 .delay (100,100,100) L_0xb114a0/d;
v0xaea6f0_0 .alias "a", 0 0, v0xaea9d0_0;
v0xaea7b0_0 .alias "b", 0 0, v0xaeaa80_0;
v0xaea850_0 .alias "carry", 0 0, v0xaeac90_0;
v0xaea8f0_0 .alias "sum", 0 0, v0xaeafb0_0;
S_0xaea260 .scope module, "ha2" "ha_vr" 4 20, 4 27, S_0xaea170;
 .timescale -9 -11;
L_0xb11540/d .functor XOR 1, L_0xb11cf0, L_0xb11190, C4<0>, C4<0>;
L_0xb11540 .delay (100,100,100) L_0xb11540/d;
L_0xb116c0/d .functor AND 1, L_0xb11cf0, L_0xb11190, C4<1>, C4<1>;
L_0xb116c0 .delay (100,100,100) L_0xb116c0/d;
v0xaea350_0 .alias "a", 0 0, v0xaeab30_0;
v0xaea410_0 .alias "b", 0 0, v0xaeafb0_0;
v0xaea4b0_0 .alias "carry", 0 0, v0xaead40_0;
v0xaea550_0 .alias "sum", 0 0, v0xaeaf00_0;
S_0xae8a10 .scope module, "A" "regA" 9 10, 5 1, S_0xaade40;
 .timescale -9 -11;
v0xae9d90_0 .alias "CargaA", 0 0, v0xaf1320_0;
v0xae9e30_0 .alias "ResetA", 0 0, v0xaf1680_0;
v0xae9eb0_0 .alias "clk", 0 0, v0xb00a10_0;
v0xae9f30_0 .alias "entA", 3 0, v0xaf15b0_0;
v0xae9fe0_0 .alias "q", 3 0, v0xaf1700_0;
L_0xb0b760 .part RS_0x7f81149509d8, 0, 1;
L_0xb12180 .part/pv v0xae9bd0_0, 0, 1, 4;
L_0xb12330 .part RS_0x7f81149509d8, 1, 1;
L_0xb124e0 .part/pv v0xae96f0_0, 1, 1, 4;
L_0xb12580 .part RS_0x7f81149509d8, 2, 1;
L_0xb12620 .part/pv v0xae9250_0, 2, 1, 4;
L_0xb126c0 .part RS_0x7f81149509d8, 3, 1;
L_0xb12760 .part/pv v0xae8dc0_0, 3, 1, 4;
S_0xae97f0 .scope module, "ffa0" "ffdc" 5 4, 6 1, S_0xae8a10;
 .timescale -9 -11;
P_0xae98e8 .param/l "retardo" 6 1, +C4<01>;
v0xae99a0_0 .alias "carga", 0 0, v0xaf1320_0;
v0xae9ab0_0 .alias "clk", 0 0, v0xb00a10_0;
v0xae9b30_0 .net "d", 0 0, L_0xb0b760; 1 drivers
v0xae9bd0_0 .var "q", 0 0;
v0xae9c80_0 .alias "reset", 0 0, v0xaf1680_0;
S_0xae93a0 .scope module, "ffa1" "ffdc" 5 5, 6 1, S_0xae8a10;
 .timescale -9 -11;
P_0xae9498 .param/l "retardo" 6 1, +C4<01>;
v0xae9550_0 .alias "carga", 0 0, v0xaf1320_0;
v0xae95d0_0 .alias "clk", 0 0, v0xb00a10_0;
v0xae9650_0 .net "d", 0 0, L_0xb12330; 1 drivers
v0xae96f0_0 .var "q", 0 0;
v0xae9770_0 .alias "reset", 0 0, v0xaf1680_0;
S_0xae8f20 .scope module, "ffa2" "ffdc" 5 6, 6 1, S_0xae8a10;
 .timescale -9 -11;
P_0xae9018 .param/l "retardo" 6 1, +C4<01>;
v0xae90b0_0 .alias "carga", 0 0, v0xaf1320_0;
v0xae9130_0 .alias "clk", 0 0, v0xb00a10_0;
v0xae91b0_0 .net "d", 0 0, L_0xb12580; 1 drivers
v0xae9250_0 .var "q", 0 0;
v0xae92d0_0 .alias "reset", 0 0, v0xaf1680_0;
S_0xae8b00 .scope module, "ffa3" "ffdc" 5 7, 6 1, S_0xae8a10;
 .timescale -9 -11;
P_0xae8188 .param/l "retardo" 6 1, +C4<01>;
v0xae87e0_0 .alias "carga", 0 0, v0xaf1320_0;
v0xae8cc0_0 .alias "clk", 0 0, v0xb00a10_0;
v0xae8d40_0 .net "d", 0 0, L_0xb126c0; 1 drivers
v0xae8dc0_0 .var "q", 0 0;
v0xae8e70_0 .alias "reset", 0 0, v0xaf1680_0;
E_0xae8050 .event posedge, v0xae8080_0, v0xae48e0_0;
S_0xae75b0 .scope module, "uc0" "uc_cableada" 9 11, 10 3, S_0xaade40;
 .timescale -9 -11;
L_0xb10760 .functor OR 1, L_0xb129e0, L_0xb12a80, C4<0>, C4<0>;
L_0xb0ff90 .functor OR 1, L_0xb12bc0, L_0xb12d70, C4<0>, C4<0>;
L_0xb12f50 .functor OR 1, L_0xb0ff90, L_0xb12eb0, C4<0>, C4<0>;
L_0xb13050 .functor AND 1, L_0xb131a0, L_0xb12f50, C4<1>, C4<1>;
v0xae7e20_0 .alias "CargaA", 0 0, v0xaf1320_0;
v0xae7ea0_0 .alias "CargaQ", 0 0, v0xaf13a0_0;
v0xae7f20_0 .alias "DesplazaQ", 0 0, v0xaf1530_0;
v0xae7fd0_0 .alias "Fin", 0 0, v0xb00da0_0;
v0xae8080_0 .alias "ResetA", 0 0, v0xaf1680_0;
v0xae8100_0 .net *"_s11", 0 0, L_0xb12bc0; 1 drivers
v0xae81c0_0 .net *"_s13", 0 0, L_0xb12d70; 1 drivers
v0xae8260_0 .net *"_s14", 0 0, L_0xb0ff90; 1 drivers
v0xae8300_0 .net *"_s17", 0 0, L_0xb12eb0; 1 drivers
v0xae83a0_0 .net *"_s18", 0 0, L_0xb12f50; 1 drivers
v0xae84a0_0 .net *"_s3", 0 0, L_0xb129e0; 1 drivers
v0xae8540_0 .net *"_s5", 0 0, L_0xb12a80; 1 drivers
v0xae8650_0 .alias "clk", 0 0, v0xb00a10_0;
v0xae6a90_0 .net "out_t", 7 0, L_0xb128a0; 1 drivers
v0xae8860_0 .net "q0", 0 0, L_0xb131a0; 1 drivers
v0xae8900_0 .alias "start", 0 0, v0xb00b10_0;
L_0xb12940 .part L_0xb128a0, 0, 1;
L_0xb129e0 .part L_0xb128a0, 2, 1;
L_0xb12a80 .part L_0xb128a0, 4, 1;
L_0xb12b20 .part L_0xb128a0, 0, 1;
L_0xb12bc0 .part L_0xb128a0, 1, 1;
L_0xb12d70 .part L_0xb128a0, 3, 1;
L_0xb12eb0 .part L_0xb128a0, 5, 1;
L_0xb13100 .part L_0xb128a0, 6, 1;
S_0xae76a0 .scope module, "gt" "generador" 10 7, 11 3, S_0xae75b0;
 .timescale -9 -11;
v0xae7b50_0 .alias "clk", 0 0, v0xb00a10_0;
v0xae7bf0_0 .alias "reset", 0 0, v0xb00b10_0;
v0xae7c90_0 .alias "t", 7 0, v0xae6a90_0;
v0xae7d40_0 .var "tiempo", 2 0;
E_0xae7400 .event posedge, v0xae7bf0_0, v0xae48e0_0;
S_0xae77b0 .scope module, "dc" "decodificador" 11 13, 12 1, S_0xae76a0;
 .timescale -9 -11;
v0xae78a0_0 .net/s *"_s0", 31 0, C4<00000000000000000000000000000001>; 1 drivers
v0xae7960_0 .net *"_s2", 31 0, L_0xb12800; 1 drivers
v0xae7a00_0 .alias "t", 7 0, v0xae6a90_0;
v0xae7aa0_0 .net "tiempo", 2 0, v0xae7d40_0; 1 drivers
L_0xb12800 .shift/l 32, C4<00000000000000000000000000000001>, v0xae7d40_0;
L_0xb128a0 .part L_0xb12800, 0, 8;
S_0xaa4030 .scope module, "Q" "regQ" 9 12, 8 1, S_0xaade40;
 .timescale -9 -11;
L_0xb132e0 .functor OR 1, L_0xb12940, L_0xb10760, C4<0>, C4<0>;
v0xae7200_0 .alias "CargaQ", 0 0, v0xaf13a0_0;
v0xae7280_0 .alias "DesplazaQ", 0 0, v0xaf1530_0;
v0xae7300_0 .alias "clk", 0 0, v0xb00a10_0;
v0xae7380_0 .net "enable", 0 0, L_0xb132e0; 1 drivers
v0xae7430_0 .alias "entQ", 2 0, v0xb00990_0;
v0xae74b0_0 .alias "q", 2 0, v0xaf17d0_0;
v0xae7530_0 .net "reset", 0 0, C4<0>; 1 drivers
L_0xb13690 .part v0xb00f50_0, 0, 1;
L_0xb13840 .part RS_0x7f8114950528, 1, 1;
L_0xb138e0 .part/pv v0xae6ba0_0, 0, 1, 3;
L_0xb13c90 .part v0xb00f50_0, 1, 1;
L_0xb13d30 .part RS_0x7f8114950528, 2, 1;
L_0xb13dd0 .part/pv v0xae5af0_0, 1, 1, 3;
L_0xb14320 .part v0xb00f50_0, 2, 1;
L_0xb12070 .part/pv v0xae4a30_0, 2, 1, 3;
S_0xae6120 .scope module, "ff0" "cdaff" 8 7, 8 13, S_0xaa4030;
 .timescale -9 -11;
v0xae6d60_0 .alias "carga", 0 0, v0xae7380_0;
v0xae6de0_0 .alias "clk", 0 0, v0xb00a10_0;
v0xae6e60_0 .net "inp", 0 0, L_0xb13590; 1 drivers
v0xae6ee0_0 .net "inp_c", 0 0, L_0xb13690; 1 drivers
v0xae6f90_0 .net "inp_d", 0 0, L_0xb13840; 1 drivers
v0xae7040_0 .net "q", 0 0, v0xae6ba0_0; 1 drivers
v0xae7100_0 .alias "reset", 0 0, v0xae7530_0;
v0xae7180_0 .alias "selc_d", 0 0, v0xaf13a0_0;
S_0xae6750 .scope module, "ff0" "ffdc" 8 15, 6 1, S_0xae6120;
 .timescale -9 -11;
P_0xae6848 .param/l "retardo" 6 1, +C4<01>;
v0xae6900_0 .alias "carga", 0 0, v0xae7380_0;
v0xae6a10_0 .alias "clk", 0 0, v0xb00a10_0;
v0xae6b20_0 .alias "d", 0 0, v0xae6e60_0;
v0xae6ba0_0 .var "q", 0 0;
v0xae6c50_0 .alias "reset", 0 0, v0xae7530_0;
S_0xae6210 .scope module, "mux0" "mux2_1_i1" 8 16, 8 20, S_0xae6120;
 .timescale -9 -11;
L_0xb133d0 .functor NOT 1, L_0xb12940, C4<0>, C4<0>, C4<0>;
L_0xb13430 .functor AND 1, L_0xb13840, L_0xb133d0, C4<1>, C4<1>;
L_0xb134e0 .functor AND 1, L_0xb13690, L_0xb12940, C4<1>, C4<1>;
L_0xb13590 .functor OR 1, L_0xb13430, L_0xb134e0, C4<0>, C4<0>;
v0xae6300_0 .alias "a", 0 0, v0xae6f90_0;
v0xae6380_0 .alias "b", 0 0, v0xae6ee0_0;
v0xae6400_0 .alias "out", 0 0, v0xae6e60_0;
v0xae6480_0 .alias "s", 0 0, v0xaf13a0_0;
v0xae6590_0 .net "s_n", 0 0, L_0xb133d0; 1 drivers
v0xae6610_0 .net "sa", 0 0, L_0xb13430; 1 drivers
v0xae66b0_0 .net "sb", 0 0, L_0xb134e0; 1 drivers
S_0xae5180 .scope module, "ff1" "cdaff" 8 8, 8 13, S_0xaa4030;
 .timescale -9 -11;
v0xae5c40_0 .alias "carga", 0 0, v0xae7380_0;
v0xae5cc0_0 .alias "clk", 0 0, v0xb00a10_0;
v0xae5d40_0 .net "inp", 0 0, L_0xb13b90; 1 drivers
v0xae5e10_0 .net "inp_c", 0 0, L_0xb13c90; 1 drivers
v0xae5e90_0 .net "inp_d", 0 0, L_0xb13d30; 1 drivers
v0xae5f10_0 .net "q", 0 0, v0xae5af0_0; 1 drivers
v0xae5fd0_0 .alias "reset", 0 0, v0xae7530_0;
v0xae6050_0 .alias "selc_d", 0 0, v0xaf13a0_0;
S_0xae5760 .scope module, "ff0" "ffdc" 8 15, 6 1, S_0xae5180;
 .timescale -9 -11;
P_0xae5858 .param/l "retardo" 6 1, +C4<01>;
v0xae58d0_0 .alias "carga", 0 0, v0xae7380_0;
v0xae59a0_0 .alias "clk", 0 0, v0xb00a10_0;
v0xae5a70_0 .alias "d", 0 0, v0xae5d40_0;
v0xae5af0_0 .var "q", 0 0;
v0xae5b70_0 .alias "reset", 0 0, v0xae7530_0;
S_0xae5270 .scope module, "mux0" "mux2_1_i1" 8 16, 8 20, S_0xae5180;
 .timescale -9 -11;
L_0xb13980 .functor NOT 1, L_0xb12940, C4<0>, C4<0>, C4<0>;
L_0xb139e0 .functor AND 1, L_0xb13d30, L_0xb13980, C4<1>, C4<1>;
L_0xb13ae0 .functor AND 1, L_0xb13c90, L_0xb12940, C4<1>, C4<1>;
L_0xb13b90 .functor OR 1, L_0xb139e0, L_0xb13ae0, C4<0>, C4<0>;
v0xae5360_0 .alias "a", 0 0, v0xae5e90_0;
v0xae53e0_0 .alias "b", 0 0, v0xae5e10_0;
v0xae5460_0 .alias "out", 0 0, v0xae5d40_0;
v0xae54e0_0 .alias "s", 0 0, v0xaf13a0_0;
v0xae55e0_0 .net "s_n", 0 0, L_0xb13980; 1 drivers
v0xae5660_0 .net "sa", 0 0, L_0xb139e0; 1 drivers
v0xae56e0_0 .net "sb", 0 0, L_0xb13ae0; 1 drivers
S_0xacbf90 .scope module, "ff2" "cdaff" 8 9, 8 13, S_0xaa4030;
 .timescale -9 -11;
v0xae4b60_0 .alias "carga", 0 0, v0xae7380_0;
v0xae4c30_0 .alias "clk", 0 0, v0xb00a10_0;
v0xae4ce0_0 .net "inp", 0 0, L_0xaf1420; 1 drivers
v0xae4db0_0 .net "inp_c", 0 0, L_0xb14320; 1 drivers
v0xae4e60_0 .net "inp_d", 0 0, C4<0>; 1 drivers
v0xae4f10_0 .net "q", 0 0, v0xae4a30_0; 1 drivers
v0xae4fd0_0 .alias "reset", 0 0, v0xae7530_0;
v0xae5080_0 .alias "selc_d", 0 0, v0xaf13a0_0;
S_0xae4650 .scope module, "ff0" "ffdc" 8 15, 6 1, S_0xacbf90;
 .timescale -9 -11;
P_0xae4748 .param/l "retardo" 6 1, +C4<01>;
v0xae4820_0 .alias "carga", 0 0, v0xae7380_0;
v0xae48e0_0 .alias "clk", 0 0, v0xb00a10_0;
v0xae4980_0 .alias "d", 0 0, v0xae4ce0_0;
v0xae4a30_0 .var "q", 0 0;
v0xae4ae0_0 .alias "reset", 0 0, v0xae7530_0;
E_0xae4400 .event posedge, v0xae4ae0_0, v0xae48e0_0;
S_0xab1dc0 .scope module, "mux0" "mux2_1_i1" 8 16, 8 20, S_0xacbf90;
 .timescale -9 -11;
L_0xb13f00 .functor NOT 1, L_0xb12940, C4<0>, C4<0>, C4<0>;
L_0xb13f60 .functor AND 1, C4<0>, L_0xb13f00, C4<1>, C4<1>;
L_0xb14060 .functor AND 1, L_0xb14320, L_0xb12940, C4<1>, C4<1>;
L_0xaf1420 .functor OR 1, L_0xb13f60, L_0xb14060, C4<0>, C4<0>;
v0xa611b0_0 .alias "a", 0 0, v0xae4e60_0;
v0xae4240_0 .alias "b", 0 0, v0xae4db0_0;
v0xae42e0_0 .alias "out", 0 0, v0xae4ce0_0;
v0xae4380_0 .alias "s", 0 0, v0xaf13a0_0;
v0xae4430_0 .net "s_n", 0 0, L_0xb13f00; 1 drivers
v0xae44d0_0 .net "sa", 0 0, L_0xb13f60; 1 drivers
v0xae45b0_0 .net "sb", 0 0, L_0xb14060; 1 drivers
    .scope S_0xaf88e0;
T_0 ;
    %wait E_0xaf56f0;
    %load/v 8, v0xaf8d70_0, 1;
    %jmp/0xz  T_0.0, 8;
    %ix/load 0, 1, 0;
    %assign/v0 v0xaf8cc0_0, 100, 0;
    %jmp T_0.1;
T_0.0 ;
    %load/v 8, v0xaf8a90_0, 1;
    %jmp/0xz  T_0.2, 8;
    %load/v 8, v0xaf8c20_0, 1;
    %ix/load 0, 1, 0;
    %assign/v0 v0xaf8cc0_0, 100, 8;
T_0.2 ;
T_0.1 ;
    %jmp T_0;
    .thread T_0;
    .scope S_0xaf8490;
T_1 ;
    %wait E_0xaf56f0;
    %load/v 8, v0xaf8860_0, 1;
    %jmp/0xz  T_1.0, 8;
    %ix/load 0, 1, 0;
    %assign/v0 v0xaf87e0_0, 100, 0;
    %jmp T_1.1;
T_1.0 ;
    %load/v 8, v0xaf8640_0, 1;
    %jmp/0xz  T_1.2, 8;
    %load/v 8, v0xaf8740_0, 1;
    %ix/load 0, 1, 0;
    %assign/v0 v0xaf87e0_0, 100, 8;
T_1.2 ;
T_1.1 ;
    %jmp T_1;
    .thread T_1;
    .scope S_0xaf8030;
T_2 ;
    %wait E_0xaf56f0;
    %load/v 8, v0xaf83c0_0, 1;
    %jmp/0xz  T_2.0, 8;
    %ix/load 0, 1, 0;
    %assign/v0 v0xaf8340_0, 100, 0;
    %jmp T_2.1;
T_2.0 ;
    %load/v 8, v0xaf81a0_0, 1;
    %jmp/0xz  T_2.2, 8;
    %load/v 8, v0xaf82a0_0, 1;
    %ix/load 0, 1, 0;
    %assign/v0 v0xaf8340_0, 100, 8;
T_2.2 ;
T_2.1 ;
    %jmp T_2;
    .thread T_2;
    .scope S_0xaf7c60;
T_3 ;
    %wait E_0xaf56f0;
    %load/v 8, v0xaf7f80_0, 1;
    %jmp/0xz  T_3.0, 8;
    %ix/load 0, 1, 0;
    %assign/v0 v0xaf7ed0_0, 100, 0;
    %jmp T_3.1;
T_3.0 ;
    %load/v 8, v0xaf7d50_0, 1;
    %jmp/0xz  T_3.2, 8;
    %load/v 8, v0xaf7e50_0, 1;
    %ix/load 0, 1, 0;
    %assign/v0 v0xaf7ed0_0, 100, 8;
T_3.2 ;
T_3.1 ;
    %jmp T_3;
    .thread T_3;
    .scope S_0xaf4ff0;
T_4 ;
    %wait E_0xae7400;
    %load/v 8, v0xaf7990_0, 1;
    %jmp/0xz  T_4.0, 8;
    %ix/load 0, 3, 0;
    %assign/v0 v0xaf7a10_0, 0, 0;
    %jmp T_4.1;
T_4.0 ;
    %load/v 8, v0xaf7530_0, 3;
    %ix/load 0, 3, 0;
    %assign/v0 v0xaf7a10_0, 0, 8;
T_4.1 ;
    %jmp T_4;
    .thread T_4;
    .scope S_0xaf4ff0;
T_5 ;
    %wait E_0xaf4e40;
    %load/v 8, v0xaf7a10_0, 3;
    %cmpi/u 8, 0, 3;
    %jmp/1 T_5.0, 6;
    %cmpi/u 8, 1, 3;
    %jmp/1 T_5.1, 6;
    %cmpi/u 8, 2, 3;
    %jmp/1 T_5.2, 6;
    %cmpi/u 8, 3, 3;
    %jmp/1 T_5.3, 6;
    %cmpi/u 8, 4, 3;
    %jmp/1 T_5.4, 6;
    %cmpi/u 8, 5, 3;
    %jmp/1 T_5.5, 6;
    %cmpi/u 8, 6, 3;
    %jmp/1 T_5.6, 6;
    %set/v v0xaf7530_0, 0, 3;
    %jmp T_5.8;
T_5.0 ;
    %movi 8, 1, 3;
    %set/v v0xaf7530_0, 8, 3;
    %jmp T_5.8;
T_5.1 ;
    %movi 8, 2, 3;
    %set/v v0xaf7530_0, 8, 3;
    %jmp T_5.8;
T_5.2 ;
    %movi 8, 3, 3;
    %set/v v0xaf7530_0, 8, 3;
    %jmp T_5.8;
T_5.3 ;
    %movi 8, 4, 3;
    %set/v v0xaf7530_0, 8, 3;
    %jmp T_5.8;
T_5.4 ;
    %movi 8, 5, 3;
    %set/v v0xaf7530_0, 8, 3;
    %jmp T_5.8;
T_5.5 ;
    %movi 8, 6, 3;
    %set/v v0xaf7530_0, 8, 3;
    %jmp T_5.8;
T_5.6 ;
    %movi 8, 6, 3;
    %set/v v0xaf7530_0, 8, 3;
    %jmp T_5.8;
T_5.8 ;
    %jmp T_5;
    .thread T_5, $push;
    .scope S_0xaf4240;
T_6 ;
    %wait E_0xae7d10;
    %load/v 8, v0xaf4690_0, 1;
    %jmp/0xz  T_6.0, 8;
    %ix/load 0, 1, 0;
    %assign/v0 v0xaf45e0_0, 100, 0;
    %jmp T_6.1;
T_6.0 ;
    %load/v 8, v0xaf43d0_0, 1;
    %jmp/0xz  T_6.2, 8;
    %load/v 8, v0xaf4560_0, 1;
    %ix/load 0, 1, 0;
    %assign/v0 v0xaf45e0_0, 100, 8;
T_6.2 ;
T_6.1 ;
    %jmp T_6;
    .thread T_6;
    .scope S_0xaf32b0;
T_7 ;
    %wait E_0xae7d10;
    %load/v 8, v0xaf3670_0, 1;
    %jmp/0xz  T_7.0, 8;
    %ix/load 0, 1, 0;
    %assign/v0 v0xaf35f0_0, 100, 0;
    %jmp T_7.1;
T_7.0 ;
    %load/v 8, v0xaf3420_0, 1;
    %jmp/0xz  T_7.2, 8;
    %load/v 8, v0xaf3570_0, 1;
    %ix/load 0, 1, 0;
    %assign/v0 v0xaf35f0_0, 100, 8;
T_7.2 ;
T_7.1 ;
    %jmp T_7;
    .thread T_7;
    .scope S_0xaf21e0;
T_8 ;
    %wait E_0xae7d10;
    %load/v 8, v0xaf2570_0, 1;
    %jmp/0xz  T_8.0, 8;
    %ix/load 0, 1, 0;
    %assign/v0 v0xaf24c0_0, 100, 0;
    %jmp T_8.1;
T_8.0 ;
    %load/v 8, v0xaf2310_0, 1;
    %jmp/0xz  T_8.2, 8;
    %load/v 8, v0xaf2410_0, 1;
    %ix/load 0, 1, 0;
    %assign/v0 v0xaf24c0_0, 100, 8;
T_8.2 ;
T_8.1 ;
    %jmp T_8;
    .thread T_8;
    .scope S_0xae97f0;
T_9 ;
    %wait E_0xae8050;
    %load/v 8, v0xae9c80_0, 1;
    %jmp/0xz  T_9.0, 8;
    %ix/load 0, 1, 0;
    %assign/v0 v0xae9bd0_0, 100, 0;
    %jmp T_9.1;
T_9.0 ;
    %load/v 8, v0xae99a0_0, 1;
    %jmp/0xz  T_9.2, 8;
    %load/v 8, v0xae9b30_0, 1;
    %ix/load 0, 1, 0;
    %assign/v0 v0xae9bd0_0, 100, 8;
T_9.2 ;
T_9.1 ;
    %jmp T_9;
    .thread T_9;
    .scope S_0xae93a0;
T_10 ;
    %wait E_0xae8050;
    %load/v 8, v0xae9770_0, 1;
    %jmp/0xz  T_10.0, 8;
    %ix/load 0, 1, 0;
    %assign/v0 v0xae96f0_0, 100, 0;
    %jmp T_10.1;
T_10.0 ;
    %load/v 8, v0xae9550_0, 1;
    %jmp/0xz  T_10.2, 8;
    %load/v 8, v0xae9650_0, 1;
    %ix/load 0, 1, 0;
    %assign/v0 v0xae96f0_0, 100, 8;
T_10.2 ;
T_10.1 ;
    %jmp T_10;
    .thread T_10;
    .scope S_0xae8f20;
T_11 ;
    %wait E_0xae8050;
    %load/v 8, v0xae92d0_0, 1;
    %jmp/0xz  T_11.0, 8;
    %ix/load 0, 1, 0;
    %assign/v0 v0xae9250_0, 100, 0;
    %jmp T_11.1;
T_11.0 ;
    %load/v 8, v0xae90b0_0, 1;
    %jmp/0xz  T_11.2, 8;
    %load/v 8, v0xae91b0_0, 1;
    %ix/load 0, 1, 0;
    %assign/v0 v0xae9250_0, 100, 8;
T_11.2 ;
T_11.1 ;
    %jmp T_11;
    .thread T_11;
    .scope S_0xae8b00;
T_12 ;
    %wait E_0xae8050;
    %load/v 8, v0xae8e70_0, 1;
    %jmp/0xz  T_12.0, 8;
    %ix/load 0, 1, 0;
    %assign/v0 v0xae8dc0_0, 100, 0;
    %jmp T_12.1;
T_12.0 ;
    %load/v 8, v0xae87e0_0, 1;
    %jmp/0xz  T_12.2, 8;
    %load/v 8, v0xae8d40_0, 1;
    %ix/load 0, 1, 0;
    %assign/v0 v0xae8dc0_0, 100, 8;
T_12.2 ;
T_12.1 ;
    %jmp T_12;
    .thread T_12;
    .scope S_0xae76a0;
T_13 ;
    %wait E_0xae7400;
    %load/v 8, v0xae7bf0_0, 1;
    %jmp/0xz  T_13.0, 8;
    %ix/load 0, 3, 0;
    %assign/v0 v0xae7d40_0, 0, 0;
    %jmp T_13.1;
T_13.0 ;
    %load/v 8, v0xae7d40_0, 3;
    %mov 11, 0, 29;
    %addi 8, 1, 32;
    %ix/load 0, 3, 0;
    %assign/v0 v0xae7d40_0, 0, 8;
T_13.1 ;
    %jmp T_13;
    .thread T_13;
    .scope S_0xae6750;
T_14 ;
    %wait E_0xae4400;
    %load/v 8, v0xae6c50_0, 1;
    %jmp/0xz  T_14.0, 8;
    %ix/load 0, 1, 0;
    %assign/v0 v0xae6ba0_0, 100, 0;
    %jmp T_14.1;
T_14.0 ;
    %load/v 8, v0xae6900_0, 1;
    %jmp/0xz  T_14.2, 8;
    %load/v 8, v0xae6b20_0, 1;
    %ix/load 0, 1, 0;
    %assign/v0 v0xae6ba0_0, 100, 8;
T_14.2 ;
T_14.1 ;
    %jmp T_14;
    .thread T_14;
    .scope S_0xae5760;
T_15 ;
    %wait E_0xae4400;
    %load/v 8, v0xae5b70_0, 1;
    %jmp/0xz  T_15.0, 8;
    %ix/load 0, 1, 0;
    %assign/v0 v0xae5af0_0, 100, 0;
    %jmp T_15.1;
T_15.0 ;
    %load/v 8, v0xae58d0_0, 1;
    %jmp/0xz  T_15.2, 8;
    %load/v 8, v0xae5a70_0, 1;
    %ix/load 0, 1, 0;
    %assign/v0 v0xae5af0_0, 100, 8;
T_15.2 ;
T_15.1 ;
    %jmp T_15;
    .thread T_15;
    .scope S_0xae4650;
T_16 ;
    %wait E_0xae4400;
    %load/v 8, v0xae4ae0_0, 1;
    %jmp/0xz  T_16.0, 8;
    %ix/load 0, 1, 0;
    %assign/v0 v0xae4a30_0, 100, 0;
    %jmp T_16.1;
T_16.0 ;
    %load/v 8, v0xae4820_0, 1;
    %jmp/0xz  T_16.2, 8;
    %load/v 8, v0xae4980_0, 1;
    %ix/load 0, 1, 0;
    %assign/v0 v0xae4a30_0, 100, 8;
T_16.2 ;
T_16.1 ;
    %jmp T_16;
    .thread T_16;
    .scope S_0xacdbf0;
T_17 ;
    %set/v v0xb00e50_0, 1, 1;
    %delay 2000, 0;
    %set/v v0xb00e50_0, 0, 1;
    %delay 6000, 0;
    %jmp T_17;
    .thread T_17;
    .scope S_0xacdbf0;
T_18 ;
    %vpi_call 2 39 "$monitor", "tiempo=%0d Valor=%b start=%b clk=%b C0=%b C1=%b f0=%b f1=%b", $time, v0xb00f50_0, v0xb00ed0_0, v0xb00e50_0, v0xb00c20_0, v0xb00ca0_0, v0xb00d20_0, v0xb00da0_0;
    %vpi_call 2 40 "$dumpfile", "cachibache.vcd";
    %vpi_call 2 41 "$dumpvars";
    %set/v v0xb00ed0_0, 1, 1;
    %delay 500, 0;
    %set/v v0xb00ed0_0, 0, 1;
    %delay 300, 0;
    %movi 8, 1, 3;
    %set/v v0xb00f50_0, 8, 3;
    %delay 50000, 0;
    %vpi_call 2 51 "$finish";
    %end;
    .thread T_18;
# The file index is used to find the file name in the following table.
:file_names 13;
    "N/A";
    "<interactive>";
    "cuenta1_tb.v";
    "cuenta1_estados.v";
    "./sum4.v";
    "./regA.v";
    "./ffdc.v";
    "./uc_estados.v";
    "./regQ.v";
    "cuenta1_cableada.v";
    "./uc_cableada.v";
    "./gt.v";
    "./dc.v";
