#! /usr/bin/vvp
:ivl_version "0.9.5 " "(v0_9_5)";
:vpi_time_precision - 11;
:vpi_module "system";
:vpi_module "v2005_math";
:vpi_module "va_math";
S_0x161a210 .scope module, "procesador_tb" "procesador_tb" 2 9;
 .timescale -9 -11;
v0x165cff0_0 .var "t_clk", 0 0;
v0x165d260_0 .net "t_out1", 7 0, v0x1654420_0; 1 drivers
v0x165d2e0_0 .net "t_out2", 7 0, v0x1653ff0_0; 1 drivers
v0x165d360_0 .net "t_out3", 7 0, v0x1653b80_0; 1 drivers
v0x165d3e0_0 .net "t_out4", 7 0, v0x1653750_0; 1 drivers
v0x165d460_0 .var "t_reset", 0 0;
v0x1659060_1 .array/port v0x1659060, 1;
v0x165d4e0_0 .net "t_test", 7 0, v0x1659060_1; 1 drivers
v0x165d560_0 .var "t_v1", 7 0;
v0x165d5e0_0 .var "t_v2", 7 0;
v0x165d660_0 .var "t_v3", 7 0;
v0x165d6e0_0 .var "t_v4", 7 0;
S_0x16331f0 .scope module, "intel" "procesador" 2 23, 3 6, S_0x161a210;
 .timescale -9 -11;
v0x165c190_0 .net "clk", 0 0, v0x165cff0_0; 1 drivers
v0x165c210_0 .net "enable", 0 0, v0x165b960_0; 1 drivers
v0x165c290_0 .net "fin", 0 0, v0x165b9e0_0; 1 drivers
v0x165c310_0 .net "op", 2 0, v0x165ba60_0; 1 drivers
v0x165c390_0 .net "opcode", 5 0, L_0x165fcf0; 1 drivers
v0x165c460_0 .alias "pro_out1", 7 0, v0x165d260_0;
v0x165c530_0 .alias "pro_out2", 7 0, v0x165d2e0_0;
v0x165c600_0 .alias "pro_out3", 7 0, v0x165d360_0;
v0x165c720_0 .alias "pro_out4", 7 0, v0x165d3e0_0;
v0x165c7f0_0 .net "reset", 0 0, v0x165d460_0; 1 drivers
v0x165c870_0 .net "s_IO", 1 0, v0x165bc30_0; 1 drivers
v0x165c980_0 .net "s_inc", 0 0, v0x165bcb0_0; 1 drivers
v0x165ca70_0 .net "s_inc2", 0 0, v0x165bdd0_0; 1 drivers
v0x165caf0_0 .net "s_inm", 0 0, v0x165bea0_0; 1 drivers
v0x165cbf0_0 .net "s_inm2", 0 0, v0x165bf20_0; 1 drivers
v0x165cc70_0 .alias "test", 7 0, v0x165d4e0_0;
v0x165cb70_0 .net "v_i1", 7 0, v0x165d560_0; 1 drivers
v0x165cd80_0 .net "v_i2", 7 0, v0x165d5e0_0; 1 drivers
v0x165cea0_0 .net "v_i3", 7 0, v0x165d660_0; 1 drivers
v0x165cf70_0 .net "v_i4", 7 0, v0x165d6e0_0; 1 drivers
v0x165d0a0_0 .net "we3", 0 0, v0x165bff0_0; 1 drivers
v0x165d120_0 .net "z", 0 0, v0x1657690_0; 1 drivers
S_0x165b7f0 .scope module, "uc_" "uc" 3 16, 4 1, S_0x16331f0;
 .timescale -9 -11;
v0x165b8e0_0 .alias "clk", 0 0, v0x165c190_0;
v0x165b960_0 .var "enable", 0 0;
v0x165b9e0_0 .var "fin", 0 0;
v0x165ba60_0 .var "op", 2 0;
v0x165bb30_0 .alias "opcode", 5 0, v0x165c390_0;
v0x165bbb0_0 .alias "reset", 0 0, v0x165c7f0_0;
v0x165bc30_0 .var "s_IO", 1 0;
v0x165bcb0_0 .var "s_inc", 0 0;
v0x165bdd0_0 .var "s_inc2", 0 0;
v0x165bea0_0 .var "s_inm", 0 0;
v0x165bf20_0 .var "s_inm2", 0 0;
v0x165bff0_0 .var "we3", 0 0;
v0x165c0c0_0 .alias "z", 0 0, v0x165d120_0;
E_0x1657d20 .event edge, v0x165a000_0, v0x1657690_0;
S_0x1632fc0 .scope module, "microc_" "microc" 3 17, 5 7, S_0x16331f0;
 .timescale -9 -11;
v0x1654a20_0 .alias "clk", 0 0, v0x165c190_0;
v0x1659e20_0 .net "ePC", 9 0, L_0x165ef80; 1 drivers
v0x1659ea0_0 .alias "enable", 0 0, v0x165c210_0;
v0x1659f20_0 .alias "op", 2 0, v0x165c310_0;
v0x165a000_0 .alias "opcode", 5 0, v0x165c390_0;
v0x165a080_0 .alias "pro_out1", 7 0, v0x165d260_0;
v0x165a140_0 .alias "pro_out2", 7 0, v0x165d2e0_0;
v0x165a1f0_0 .alias "pro_out3", 7 0, v0x165d360_0;
v0x165a2a0_0 .alias "pro_out4", 7 0, v0x165d3e0_0;
v0x165a350_0 .alias "reset", 0 0, v0x165c7f0_0;
v0x165a3d0_0 .net "sPC", 9 0, v0x1659c10_0; 1 drivers
v0x165a450_0 .alias "s_IO", 1 0, v0x165c870_0;
v0x165a4d0_0 .alias "s_inc", 0 0, v0x165c980_0;
v0x165a550_0 .alias "s_inc2", 0 0, v0x165ca70_0;
v0x165a680_0 .alias "s_inm", 0 0, v0x165caf0_0;
v0x165a730_0 .alias "s_inm2", 0 0, v0x165cbf0_0;
v0x165a5d0_0 .net "salu", 7 0, v0x1657b40_0; 1 drivers
v0x165a8c0_0 .net "sdec", 3 0, v0x1655950_0; 1 drivers
v0x165a7b0_0 .net "sm3", 9 0, L_0x165f310; 1 drivers
v0x165aa30_0 .net "sm4", 7 0, L_0x165f720; 1 drivers
v0x165ab60_0 .net "smInput", 7 0, v0x1655fc0_0; 1 drivers
v0x165abe0_0 .net "smem", 15 0, L_0x165d890; 1 drivers
v0x165aab0_0 .net "srd1", 7 0, L_0x165dcb0; 1 drivers
v0x165ad70_0 .net "srd2", 7 0, L_0x165e2a0; 1 drivers
v0x165aec0_0 .net "srd3", 7 0, L_0x165e840; 1 drivers
v0x165af40 .array "sri", 0 3;
v0x165af40_0 .net v0x165af40 0, 7 0, v0x1655560_0; 1 drivers
v0x165af40_1 .net v0x165af40 1, 7 0, v0x1655160_0; 1 drivers
v0x165af40_2 .net v0x165af40 2, 7 0, v0x1654d60_0; 1 drivers
v0x165af40_3 .net v0x165af40 3, 7 0, v0x1654900_0; 1 drivers
v0x165b0f0_0 .net "ssum", 9 0, L_0x165ee70; 1 drivers
v0x165b1c0_0 .alias "test", 7 0, v0x165d4e0_0;
v0x165afc0_0 .alias "v_i1", 7 0, v0x165cb70_0;
v0x165b330_0 .alias "v_i2", 7 0, v0x165cd80_0;
v0x165b240_0 .alias "v_i3", 7 0, v0x165cea0_0;
v0x165b4b0_0 .alias "v_i4", 7 0, v0x165cf70_0;
v0x165b3b0_0 .net "wd3", 7 0, L_0x165f1e0; 1 drivers
v0x165b640_0 .alias "we3", 0 0, v0x165d0a0_0;
v0x165b530_0 .alias "z", 0 0, v0x165d120_0;
v0x165b5b0_0 .net "z_salu", 0 0, L_0x165ee10; 1 drivers
L_0x165e9d0 .part L_0x165d890, 4, 4;
L_0x165ea70 .part L_0x165d890, 8, 4;
L_0x165eba0 .part L_0x165d890, 12, 4;
L_0x165ec40 .part L_0x165d890, 12, 4;
L_0x165f140 .part L_0x165d890, 6, 10;
L_0x165f570 .part L_0x165d890, 6, 10;
L_0x165f8e0 .part L_0x165d890, 4, 8;
L_0x165f980 .part v0x1655950_0, 0, 1;
L_0x165fa20 .part v0x1655950_0, 1, 1;
L_0x165fac0 .part v0x1655950_0, 2, 1;
L_0x165fc50 .part v0x1655950_0, 3, 1;
L_0x165fcf0 .part L_0x165d890, 0, 6;
S_0x1659990 .scope module, "PC" "registro" 5 38, 6 36, S_0x1632fc0;
 .timescale -9 -11;
P_0x16581d8 .param/l "WIDTH" 6 36, +C4<01010>;
v0x1659ae0_0 .alias "clk", 0 0, v0x165c190_0;
v0x1659b60_0 .alias "d", 9 0, v0x1659e20_0;
v0x1659c10_0 .var "q", 9 0;
v0x1659c90_0 .alias "reset", 0 0, v0x165c7f0_0;
S_0x1659400 .scope module, "mem_" "memprog" 5 39, 7 3, S_0x1632fc0;
 .timescale -9 -11;
L_0x165d890 .functor BUFZ 16, L_0x165d760, C4<0000000000000000>, C4<0000000000000000>, C4<0000000000000000>;
v0x1659670_0 .net *"_s0", 15 0, L_0x165d760; 1 drivers
v0x1659730_0 .alias "a", 9 0, v0x165a3d0_0;
v0x16597e0_0 .alias "clk", 0 0, v0x165c190_0;
v0x1659860 .array "mem", 1023 0, 15 0;
v0x1659910_0 .alias "rd", 15 0, v0x165abe0_0;
L_0x165d760 .array/port v0x1659860, v0x1659c10_0;
S_0x1657d50 .scope module, "banco" "regfile" 5 40, 6 4, S_0x1632fc0;
 .timescale -9 -11;
v0x1657e40_0 .net *"_s11", 7 0, L_0x165dbc0; 1 drivers
v0x1657ec0_0 .net *"_s13", 7 0, C4<00000000>; 1 drivers
v0x1657f60_0 .net *"_s17", 4 0, L_0x165de40; 1 drivers
v0x1658000_0 .net *"_s20", 0 0, C4<0>; 1 drivers
v0x16580b0_0 .net *"_s21", 4 0, C4<00000>; 1 drivers
v0x1658150_0 .net *"_s23", 0 0, L_0x165dfb0; 1 drivers
v0x1658230_0 .net *"_s25", 7 0, L_0x165e130; 1 drivers
v0x16582d0_0 .net *"_s27", 7 0, C4<00000000>; 1 drivers
v0x1658370_0 .net *"_s3", 4 0, L_0x165d9e0; 1 drivers
v0x1658410_0 .net *"_s31", 4 0, L_0x165e480; 1 drivers
v0x1658510_0 .net *"_s34", 0 0, C4<0>; 1 drivers
v0x16585b0_0 .net *"_s35", 4 0, C4<00000>; 1 drivers
v0x16586c0_0 .net *"_s37", 0 0, L_0x165e600; 1 drivers
v0x1658760_0 .net *"_s39", 7 0, L_0x165e7a0; 1 drivers
v0x1658880_0 .net *"_s41", 7 0, C4<00000000>; 1 drivers
v0x1658920_0 .net *"_s6", 0 0, C4<0>; 1 drivers
v0x16587e0_0 .net *"_s7", 4 0, C4<00000>; 1 drivers
v0x1658a70_0 .net *"_s9", 0 0, L_0x165da80; 1 drivers
v0x1658b90_0 .alias "clk", 0 0, v0x165c190_0;
v0x1658c10_0 .net "ra1", 3 0, L_0x165e9d0; 1 drivers
v0x1658af0_0 .net "ra2", 3 0, L_0x165ea70; 1 drivers
v0x1658d40_0 .net "ra3", 3 0, L_0x165eba0; 1 drivers
v0x1658c90_0 .alias "rd1", 7 0, v0x165aab0_0;
v0x1658e80_0 .alias "rd2", 7 0, v0x165ad70_0;
v0x1658dc0_0 .alias "rd3", 7 0, v0x165aec0_0;
v0x1659060 .array "regb", 15 0, 7 0;
v0x16592e0_0 .alias "test", 7 0, v0x165d4e0_0;
v0x1659380_0 .net "wa3", 3 0, L_0x165ec40; 1 drivers
v0x1659100_0 .alias "wd3", 7 0, v0x165b3b0_0;
v0x16594f0_0 .alias "we3", 0 0, v0x165d0a0_0;
L_0x165d9e0 .concat [ 4 1 0 0], L_0x165e9d0, C4<0>;
L_0x165da80 .cmp/ne 5, L_0x165d9e0, C4<00000>;
L_0x165dbc0 .array/port v0x1659060, L_0x165e9d0;
L_0x165dcb0 .functor MUXZ 8, C4<00000000>, L_0x165dbc0, L_0x165da80, C4<>;
L_0x165de40 .concat [ 4 1 0 0], L_0x165ea70, C4<0>;
L_0x165dfb0 .cmp/ne 5, L_0x165de40, C4<00000>;
L_0x165e130 .array/port v0x1659060, L_0x165ea70;
L_0x165e2a0 .functor MUXZ 8, C4<00000000>, L_0x165e130, L_0x165dfb0, C4<>;
L_0x165e480 .concat [ 4 1 0 0], L_0x165eba0, C4<0>;
L_0x165e600 .cmp/ne 5, L_0x165e480, C4<00000>;
L_0x165e7a0 .array/port v0x1659060, L_0x165eba0;
L_0x165e840 .functor MUXZ 8, C4<00000000>, L_0x165e7a0, L_0x165e600, C4<>;
S_0x1657730 .scope module, "alu_" "alu" 5 41, 8 1, S_0x1632fc0;
 .timescale -9 -11;
L_0x165ee10 .functor NOT 1, L_0x165ece0, C4<0>, C4<0>, C4<0>;
v0x1657890_0 .net *"_s3", 0 0, L_0x165ece0; 1 drivers
v0x1657950_0 .alias "a", 7 0, v0x165aab0_0;
v0x16579f0_0 .alias "b", 7 0, v0x165ad70_0;
v0x1657a90_0 .alias "op", 2 0, v0x165c310_0;
v0x1657b40_0 .var "s", 7 0;
v0x1657be0_0 .alias "y", 7 0, v0x165a5d0_0;
v0x1657ca0_0 .alias "zero", 0 0, v0x165b5b0_0;
E_0x1657820 .event edge, v0x1657a90_0, v0x16579f0_0, v0x1657950_0;
L_0x165ece0 .reduce/or v0x1657b40_0;
S_0x16573a0 .scope module, "ffp" "flop" 5 42, 6 56, S_0x1632fc0;
 .timescale -9 -11;
v0x16574c0_0 .alias "clk", 0 0, v0x165c190_0;
v0x16547d0_0 .alias "d", 0 0, v0x165b5b0_0;
v0x1657690_0 .var "q", 0 0;
E_0x1657490 .event posedge, v0x160f5b0_0;
S_0x1657090 .scope module, "sumador" "sum" 5 44, 6 29, S_0x1632fc0;
 .timescale -9 -11;
v0x1657180_0 .alias "a", 9 0, v0x165a3d0_0;
v0x1657240_0 .alias "b", 9 0, v0x165a7b0_0;
v0x16572f0_0 .alias "y", 9 0, v0x165b0f0_0;
L_0x165ee70 .arith/sum 10, v0x1659c10_0, L_0x165f310;
S_0x1656c50 .scope module, "mux2_1" "mux2" 5 46, 6 47, S_0x1632fc0;
 .timescale -9 -11;
P_0x1656d48 .param/l "WIDTH" 6 47, +C4<01010>;
v0x1656e00_0 .net "d0", 9 0, L_0x165f140; 1 drivers
v0x1656ea0_0 .alias "d1", 9 0, v0x165b0f0_0;
v0x1656f40_0 .alias "s", 0 0, v0x165c980_0;
v0x1656fe0_0 .alias "y", 9 0, v0x1659e20_0;
L_0x165ef80 .functor MUXZ 10, L_0x165f140, L_0x165ee70, v0x165bcb0_0, C4<>;
S_0x1656820 .scope module, "mux2_2" "mux2" 5 47, 6 47, S_0x1632fc0;
 .timescale -9 -11;
P_0x1656918 .param/l "WIDTH" 6 47, +C4<01000>;
v0x16569d0_0 .alias "d0", 7 0, v0x165a5d0_0;
v0x1656a70_0 .alias "d1", 7 0, v0x165aa30_0;
v0x1656b20_0 .alias "s", 0 0, v0x165caf0_0;
v0x1656ba0_0 .alias "y", 7 0, v0x165b3b0_0;
L_0x165f1e0 .functor MUXZ 8, v0x1657b40_0, L_0x165f720, v0x165bea0_0, C4<>;
S_0x1656420 .scope module, "mux2_3" "mux2" 5 49, 6 47, S_0x1632fc0;
 .timescale -9 -11;
P_0x1656518 .param/l "WIDTH" 6 47, +C4<01010>;
v0x1656590_0 .net "d0", 9 0, C4<0000000001>; 1 drivers
v0x1656630_0 .net "d1", 9 0, L_0x165f570; 1 drivers
v0x16566d0_0 .alias "s", 0 0, v0x165ca70_0;
v0x1656770_0 .alias "y", 9 0, v0x165a7b0_0;
L_0x165f310 .functor MUXZ 10, C4<0000000001>, L_0x165f570, v0x165bdd0_0, C4<>;
S_0x1656080 .scope module, "mux_2_4" "mux2" 5 52, 6 47, S_0x1632fc0;
 .timescale -9 -11;
P_0x1656178 .param/l "WIDTH" 6 47, +C4<01000>;
v0x16561f0_0 .net "d0", 7 0, L_0x165f8e0; 1 drivers
v0x1656270_0 .alias "d1", 7 0, v0x165ab60_0;
v0x16562f0_0 .alias "s", 0 0, v0x165cbf0_0;
v0x1656370_0 .alias "y", 7 0, v0x165aa30_0;
L_0x165f720 .functor MUXZ 8, L_0x165f8e0, v0x1655fc0_0, v0x165bf20_0, C4<>;
S_0x16559f0 .scope module, "mux_I" "mux4" 5 53, 6 63, S_0x1632fc0;
 .timescale -9 -11;
P_0x1655ae8 .param/l "WIDTH" 6 63, +C4<01000>;
v0x1655c00_0 .alias "d0", 7 0, v0x165af40_0;
v0x1655cd0_0 .alias "d1", 7 0, v0x165af40_1;
v0x1655d80_0 .alias "d2", 7 0, v0x165af40_2;
v0x1655e30_0 .alias "d3", 7 0, v0x165af40_3;
v0x1655f10_0 .alias "s", 1 0, v0x165c870_0;
v0x1655fc0_0 .var "y", 7 0;
E_0x1655ba0/0 .event edge, v0x16558b0_0, v0x1655560_0, v0x1655160_0, v0x1654d60_0;
E_0x1655ba0/1 .event edge, v0x1654900_0;
E_0x1655ba0 .event/or E_0x1655ba0/0, E_0x1655ba0/1;
S_0x16556b0 .scope module, "dec_O" "decoder" 5 54, 6 77, S_0x1632fc0;
 .timescale -9 -11;
v0x16557f0_0 .alias "enable", 0 0, v0x165c210_0;
v0x16558b0_0 .alias "s", 1 0, v0x165c870_0;
v0x1655950_0 .var "sdec", 3 0;
E_0x16557a0 .event edge, v0x16557f0_0, v0x16558b0_0;
S_0x16552b0 .scope module, "r_i1" "registro" 5 59, 6 36, S_0x1632fc0;
 .timescale -9 -11;
P_0x16553a8 .param/l "WIDTH" 6 36, +C4<01000>;
v0x1655440_0 .alias "clk", 0 0, v0x165c190_0;
v0x16554c0_0 .alias "d", 7 0, v0x165cb70_0;
v0x1655560_0 .var "q", 7 0;
v0x1655600_0 .alias "reset", 0 0, v0x165c7f0_0;
S_0x1654eb0 .scope module, "r_i2" "registro" 5 60, 6 36, S_0x1632fc0;
 .timescale -9 -11;
P_0x1654fa8 .param/l "WIDTH" 6 36, +C4<01000>;
v0x1655040_0 .alias "clk", 0 0, v0x165c190_0;
v0x16550c0_0 .alias "d", 7 0, v0x165cd80_0;
v0x1655160_0 .var "q", 7 0;
v0x1655200_0 .alias "reset", 0 0, v0x165c7f0_0;
S_0x1654ab0 .scope module, "r_i3" "registro" 5 61, 6 36, S_0x1632fc0;
 .timescale -9 -11;
P_0x1654ba8 .param/l "WIDTH" 6 36, +C4<01000>;
v0x1654c40_0 .alias "clk", 0 0, v0x165c190_0;
v0x1654cc0_0 .alias "d", 7 0, v0x165cea0_0;
v0x1654d60_0 .var "q", 7 0;
v0x1654e00_0 .alias "reset", 0 0, v0x165c7f0_0;
S_0x16545c0 .scope module, "r_i4" "registro" 5 62, 6 36, S_0x1632fc0;
 .timescale -9 -11;
P_0x16546b8 .param/l "WIDTH" 6 36, +C4<01000>;
v0x1654750_0 .alias "clk", 0 0, v0x165c190_0;
v0x1654860_0 .alias "d", 7 0, v0x165cf70_0;
v0x1654900_0 .var "q", 7 0;
v0x16549a0_0 .alias "reset", 0 0, v0x165c7f0_0;
S_0x1654210 .scope module, "r_o1" "ffdc" 5 66, 6 97, S_0x1632fc0;
 .timescale -9 -11;
v0x1654300_0 .alias "clk", 0 0, v0x165c190_0;
v0x1654380_0 .net "enable", 0 0, L_0x165f980; 1 drivers
v0x1654420_0 .var "q", 7 0;
v0x16544c0_0 .alias "rd3", 7 0, v0x165aec0_0;
v0x1654540_0 .alias "reset", 0 0, v0x165c7f0_0;
S_0x1653db0 .scope module, "r_o2" "ffdc" 5 67, 6 97, S_0x1632fc0;
 .timescale -9 -11;
v0x1653ea0_0 .alias "clk", 0 0, v0x165c190_0;
v0x1653f70_0 .net "enable", 0 0, L_0x165fa20; 1 drivers
v0x1653ff0_0 .var "q", 7 0;
v0x1654070_0 .alias "rd3", 7 0, v0x165aec0_0;
v0x1654140_0 .alias "reset", 0 0, v0x165c7f0_0;
S_0x1653940 .scope module, "r_o3" "ffdc" 5 68, 6 97, S_0x1632fc0;
 .timescale -9 -11;
v0x1653a30_0 .alias "clk", 0 0, v0x165c190_0;
v0x1653b00_0 .net "enable", 0 0, L_0x165fac0; 1 drivers
v0x1653b80_0 .var "q", 7 0;
v0x1653c20_0 .alias "rd3", 7 0, v0x165aec0_0;
v0x1653d00_0 .alias "reset", 0 0, v0x165c7f0_0;
S_0x16304d0 .scope module, "r_o4" "ffdc" 5 69, 6 97, S_0x1632fc0;
 .timescale -9 -11;
v0x160f5b0_0 .alias "clk", 0 0, v0x165c190_0;
v0x16536b0_0 .net "enable", 0 0, L_0x165fc50; 1 drivers
v0x1653750_0 .var "q", 7 0;
v0x16537f0_0 .alias "rd3", 7 0, v0x165aec0_0;
v0x16538a0_0 .alias "reset", 0 0, v0x165c7f0_0;
E_0x162a3e0 .event posedge, v0x16538a0_0, v0x160f5b0_0;
    .scope S_0x165b7f0;
T_0 ;
    %wait E_0x1657d20;
    %load/v 8, v0x165bb30_0, 6;
    %mov 14, 2, 3;
    %movi 17, 0, 1;
    %mov 18, 2, 2;
    %cmp/x 8, 14, 6;
    %jmp/1 T_0.0, 4;
    %movi 20, 8, 4;
    %mov 24, 2, 2;
    %cmp/x 8, 20, 6;
    %jmp/1 T_0.1, 4;
    %movi 26, 9, 6;
    %cmp/x 8, 26, 6;
    %jmp/1 T_0.2, 4;
    %movi 26, 25, 6;
    %cmp/x 8, 26, 6;
    %jmp/1 T_0.3, 4;
    %movi 26, 41, 6;
    %cmp/x 8, 26, 6;
    %jmp/1 T_0.4, 4;
    %movi 26, 57, 6;
    %cmp/x 8, 26, 6;
    %jmp/1 T_0.5, 4;
    %cmp/x 8, 1, 6;
    %jmp/1 T_0.6, 4;
    %movi 26, 10, 4;
    %mov 30, 2, 2;
    %cmp/x 8, 26, 6;
    %jmp/1 T_0.7, 4;
    %movi 32, 11, 4;
    %mov 36, 2, 2;
    %cmp/x 8, 32, 6;
    %jmp/1 T_0.8, 4;
    %jmp T_0.9;
T_0.0 ;
    %ix/load 0, 1, 0;
    %assign/v0 v0x165bff0_0, 0, 1;
    %load/v 8, v0x165bb30_0, 3; Only need 3 of 6 bits
; Save base=8 wid=3 in lookaside.
    %set/v v0x165ba60_0, 8, 3;
    %ix/load 0, 1, 0;
    %assign/v0 v0x165bcb0_0, 0, 1;
    %ix/load 0, 1, 0;
    %assign/v0 v0x165bdd0_0, 0, 0;
    %ix/load 0, 1, 0;
    %assign/v0 v0x165bea0_0, 0, 0;
    %ix/load 0, 1, 0;
    %assign/v0 v0x165bf20_0, 0, 0;
    %ix/load 0, 1, 0;
    %assign/v0 v0x165b960_0, 0, 0;
    %jmp T_0.9;
T_0.1 ;
    %ix/load 0, 1, 0;
    %assign/v0 v0x165bcb0_0, 0, 1;
    %ix/load 0, 1, 0;
    %assign/v0 v0x165bdd0_0, 0, 0;
    %ix/load 0, 1, 0;
    %assign/v0 v0x165bea0_0, 0, 1;
    %ix/load 0, 1, 0;
    %assign/v0 v0x165bff0_0, 0, 1;
    %ix/load 0, 1, 0;
    %assign/v0 v0x165bf20_0, 0, 0;
    %ix/load 0, 1, 0;
    %assign/v0 v0x165b960_0, 0, 0;
    %jmp T_0.9;
T_0.2 ;
    %ix/load 0, 1, 0;
    %assign/v0 v0x165bcb0_0, 0, 0;
    %ix/load 0, 1, 0;
    %assign/v0 v0x165bdd0_0, 0, 0;
    %ix/load 0, 1, 0;
    %assign/v0 v0x165bff0_0, 0, 0;
    %ix/load 0, 1, 0;
    %assign/v0 v0x165b960_0, 0, 0;
    %jmp T_0.9;
T_0.3 ;
    %ix/load 0, 1, 0;
    %assign/v0 v0x165bff0_0, 0, 0;
    %ix/load 0, 1, 0;
    %assign/v0 v0x165bdd0_0, 0, 0;
    %load/v 8, v0x165c0c0_0, 1;
    %jmp/0xz  T_0.10, 8;
    %ix/load 0, 1, 0;
    %assign/v0 v0x165bcb0_0, 0, 0;
    %jmp T_0.11;
T_0.10 ;
    %ix/load 0, 1, 0;
    %assign/v0 v0x165bcb0_0, 0, 1;
T_0.11 ;
    %ix/load 0, 1, 0;
    %assign/v0 v0x165b960_0, 0, 0;
    %jmp T_0.9;
T_0.4 ;
    %ix/load 0, 1, 0;
    %assign/v0 v0x165bff0_0, 0, 0;
    %ix/load 0, 1, 0;
    %assign/v0 v0x165bdd0_0, 0, 0;
    %ix/load 0, 1, 0;
    %assign/v0 v0x165b960_0, 0, 0;
    %load/v 8, v0x165c0c0_0, 1;
    %jmp/0xz  T_0.12, 8;
    %ix/load 0, 1, 0;
    %assign/v0 v0x165bcb0_0, 0, 1;
    %jmp T_0.13;
T_0.12 ;
    %ix/load 0, 1, 0;
    %assign/v0 v0x165bcb0_0, 0, 0;
T_0.13 ;
    %jmp T_0.9;
T_0.5 ;
    %ix/load 0, 1, 0;
    %assign/v0 v0x165bff0_0, 0, 0;
    %ix/load 0, 1, 0;
    %assign/v0 v0x165bcb0_0, 0, 1;
    %ix/load 0, 1, 0;
    %assign/v0 v0x165bdd0_0, 0, 1;
    %ix/load 0, 1, 0;
    %assign/v0 v0x165b960_0, 0, 0;
    %jmp T_0.9;
T_0.6 ;
    %ix/load 0, 1, 0;
    %assign/v0 v0x165b9e0_0, 0, 1;
    %jmp T_0.9;
T_0.7 ;
    %ix/load 0, 1, 0;
    %assign/v0 v0x165bff0_0, 0, 1;
    %ix/load 0, 1, 0;
    %assign/v0 v0x165bcb0_0, 0, 1;
    %ix/load 0, 1, 0;
    %assign/v0 v0x165bdd0_0, 0, 0;
    %ix/load 0, 1, 0;
    %assign/v0 v0x165bea0_0, 0, 1;
    %ix/load 0, 1, 0;
    %assign/v0 v0x165bf20_0, 0, 1;
    %ix/load 0, 1, 0;
    %assign/v0 v0x165b960_0, 0, 0;
    %ix/load 1, 4, 0;
    %mov 4, 0, 1;
    %jmp/1 T_0.14, 4;
    %load/x1p 8, v0x165bb30_0, 2;
    %jmp T_0.15;
T_0.14 ;
    %mov 8, 2, 2;
T_0.15 ;
; Save base=8 wid=2 in lookaside.
    %ix/load 0, 2, 0;
    %assign/v0 v0x165bc30_0, 0, 8;
    %jmp T_0.9;
T_0.8 ;
    %ix/load 0, 1, 0;
    %assign/v0 v0x165bff0_0, 0, 0;
    %ix/load 0, 1, 0;
    %assign/v0 v0x165bcb0_0, 0, 1;
    %ix/load 0, 1, 0;
    %assign/v0 v0x165bdd0_0, 0, 0;
    %ix/load 0, 1, 0;
    %assign/v0 v0x165b960_0, 0, 1;
    %ix/load 1, 4, 0;
    %mov 4, 0, 1;
    %jmp/1 T_0.16, 4;
    %load/x1p 8, v0x165bb30_0, 2;
    %jmp T_0.17;
T_0.16 ;
    %mov 8, 2, 2;
T_0.17 ;
; Save base=8 wid=2 in lookaside.
    %ix/load 0, 2, 0;
    %assign/v0 v0x165bc30_0, 0, 8;
    %jmp T_0.9;
T_0.9 ;
    %jmp T_0;
    .thread T_0, $push;
    .scope S_0x1659990;
T_1 ;
    %wait E_0x162a3e0;
    %load/v 8, v0x1659c90_0, 1;
    %jmp/0xz  T_1.0, 8;
    %ix/load 0, 10, 0;
    %assign/v0 v0x1659c10_0, 0, 0;
    %jmp T_1.1;
T_1.0 ;
    %load/v 8, v0x1659b60_0, 10;
    %ix/load 0, 10, 0;
    %assign/v0 v0x1659c10_0, 0, 8;
T_1.1 ;
    %jmp T_1;
    .thread T_1;
    .scope S_0x1659400;
T_2 ;
    %vpi_call 7 11 "$readmemb", "progfile.dat", v0x1659860;
    %end;
    .thread T_2;
    .scope S_0x1657d50;
T_3 ;
    %wait E_0x1657490;
    %load/v 8, v0x16594f0_0, 1;
    %jmp/0xz  T_3.0, 8;
    %load/v 8, v0x1659100_0, 8;
    %ix/getv 3, v0x1659380_0;
    %jmp/1 t_0, 4;
    %ix/load 0, 8, 0; word width
    %ix/load 1, 0, 0; part off
    %assign/av v0x1659060, 0, 8;
t_0 ;
T_3.0 ;
    %jmp T_3;
    .thread T_3;
    .scope S_0x1657730;
T_4 ;
    %wait E_0x1657820;
    %load/v 8, v0x1657a90_0, 3;
    %cmpi/u 8, 0, 3;
    %jmp/1 T_4.0, 6;
    %cmpi/u 8, 1, 3;
    %jmp/1 T_4.1, 6;
    %cmpi/u 8, 2, 3;
    %jmp/1 T_4.2, 6;
    %cmpi/u 8, 3, 3;
    %jmp/1 T_4.3, 6;
    %cmpi/u 8, 4, 3;
    %jmp/1 T_4.4, 6;
    %cmpi/u 8, 5, 3;
    %jmp/1 T_4.5, 6;
    %cmpi/u 8, 6, 3;
    %jmp/1 T_4.6, 6;
    %cmpi/u 8, 7, 3;
    %jmp/1 T_4.7, 6;
    %set/v v0x1657b40_0, 2, 8;
    %jmp T_4.9;
T_4.0 ;
    %load/v 8, v0x1657950_0, 8;
    %set/v v0x1657b40_0, 8, 8;
    %jmp T_4.9;
T_4.1 ;
    %load/v 8, v0x1657950_0, 8;
    %inv 8, 8;
    %set/v v0x1657b40_0, 8, 8;
    %jmp T_4.9;
T_4.2 ;
    %load/v 8, v0x1657950_0, 8;
    %load/v 16, v0x16579f0_0, 8;
    %add 8, 16, 8;
    %set/v v0x1657b40_0, 8, 8;
    %jmp T_4.9;
T_4.3 ;
    %load/v 8, v0x1657950_0, 8;
    %load/v 16, v0x16579f0_0, 8;
    %sub 8, 16, 8;
    %set/v v0x1657b40_0, 8, 8;
    %jmp T_4.9;
T_4.4 ;
    %load/v 8, v0x1657950_0, 8;
    %load/v 16, v0x16579f0_0, 8;
    %and 8, 16, 8;
    %set/v v0x1657b40_0, 8, 8;
    %jmp T_4.9;
T_4.5 ;
    %load/v 8, v0x1657950_0, 8;
    %load/v 16, v0x16579f0_0, 8;
    %or 8, 16, 8;
    %set/v v0x1657b40_0, 8, 8;
    %jmp T_4.9;
T_4.6 ;
    %load/v 8, v0x1657950_0, 8;
    %inv 8, 8;
    %addi 8, 1, 8;
    %set/v v0x1657b40_0, 8, 8;
    %jmp T_4.9;
T_4.7 ;
    %load/v 8, v0x16579f0_0, 8;
    %inv 8, 8;
    %addi 8, 1, 8;
    %set/v v0x1657b40_0, 8, 8;
    %jmp T_4.9;
T_4.9 ;
    %jmp T_4;
    .thread T_4, $push;
    .scope S_0x16573a0;
T_5 ;
    %wait E_0x1657490;
    %load/v 8, v0x16547d0_0, 1;
    %jmp/0xz  T_5.0, 8;
    %load/v 8, v0x16547d0_0, 1;
    %ix/load 0, 1, 0;
    %assign/v0 v0x1657690_0, 0, 8;
    %jmp T_5.1;
T_5.0 ;
    %ix/load 0, 1, 0;
    %assign/v0 v0x1657690_0, 0, 0;
T_5.1 ;
    %jmp T_5;
    .thread T_5;
    .scope S_0x16559f0;
T_6 ;
    %wait E_0x1655ba0;
    %load/v 8, v0x1655f10_0, 2;
    %cmpi/u 8, 0, 2;
    %jmp/1 T_6.0, 6;
    %cmpi/u 8, 1, 2;
    %jmp/1 T_6.1, 6;
    %cmpi/u 8, 2, 2;
    %jmp/1 T_6.2, 6;
    %cmpi/u 8, 3, 2;
    %jmp/1 T_6.3, 6;
    %jmp T_6.4;
T_6.0 ;
    %load/v 8, v0x1655c00_0, 8;
    %set/v v0x1655fc0_0, 8, 8;
    %jmp T_6.4;
T_6.1 ;
    %load/v 8, v0x1655cd0_0, 8;
    %set/v v0x1655fc0_0, 8, 8;
    %jmp T_6.4;
T_6.2 ;
    %load/v 8, v0x1655d80_0, 8;
    %set/v v0x1655fc0_0, 8, 8;
    %jmp T_6.4;
T_6.3 ;
    %load/v 8, v0x1655e30_0, 8;
    %set/v v0x1655fc0_0, 8, 8;
    %jmp T_6.4;
T_6.4 ;
    %jmp T_6;
    .thread T_6, $push;
    .scope S_0x16556b0;
T_7 ;
    %wait E_0x16557a0;
    %set/v v0x1655950_0, 0, 4;
    %load/v 8, v0x16557f0_0, 1;
    %jmp/0xz  T_7.0, 8;
    %load/v 8, v0x16558b0_0, 2;
    %cmpi/u 8, 0, 2;
    %jmp/1 T_7.2, 6;
    %cmpi/u 8, 1, 2;
    %jmp/1 T_7.3, 6;
    %cmpi/u 8, 2, 2;
    %jmp/1 T_7.4, 6;
    %cmpi/u 8, 3, 2;
    %jmp/1 T_7.5, 6;
    %jmp T_7.6;
T_7.2 ;
    %ix/load 0, 0, 0;
    %set/x0 v0x1655950_0, 1, 1;
    %jmp T_7.6;
T_7.3 ;
    %ix/load 0, 1, 0;
    %set/x0 v0x1655950_0, 1, 1;
    %jmp T_7.6;
T_7.4 ;
    %ix/load 0, 2, 0;
    %set/x0 v0x1655950_0, 1, 1;
    %jmp T_7.6;
T_7.5 ;
    %ix/load 0, 3, 0;
    %set/x0 v0x1655950_0, 1, 1;
    %jmp T_7.6;
T_7.6 ;
T_7.0 ;
    %jmp T_7;
    .thread T_7, $push;
    .scope S_0x16552b0;
T_8 ;
    %wait E_0x162a3e0;
    %load/v 8, v0x1655600_0, 1;
    %jmp/0xz  T_8.0, 8;
    %ix/load 0, 8, 0;
    %assign/v0 v0x1655560_0, 0, 0;
    %jmp T_8.1;
T_8.0 ;
    %load/v 8, v0x16554c0_0, 8;
    %ix/load 0, 8, 0;
    %assign/v0 v0x1655560_0, 0, 8;
T_8.1 ;
    %jmp T_8;
    .thread T_8;
    .scope S_0x1654eb0;
T_9 ;
    %wait E_0x162a3e0;
    %load/v 8, v0x1655200_0, 1;
    %jmp/0xz  T_9.0, 8;
    %ix/load 0, 8, 0;
    %assign/v0 v0x1655160_0, 0, 0;
    %jmp T_9.1;
T_9.0 ;
    %load/v 8, v0x16550c0_0, 8;
    %ix/load 0, 8, 0;
    %assign/v0 v0x1655160_0, 0, 8;
T_9.1 ;
    %jmp T_9;
    .thread T_9;
    .scope S_0x1654ab0;
T_10 ;
    %wait E_0x162a3e0;
    %load/v 8, v0x1654e00_0, 1;
    %jmp/0xz  T_10.0, 8;
    %ix/load 0, 8, 0;
    %assign/v0 v0x1654d60_0, 0, 0;
    %jmp T_10.1;
T_10.0 ;
    %load/v 8, v0x1654cc0_0, 8;
    %ix/load 0, 8, 0;
    %assign/v0 v0x1654d60_0, 0, 8;
T_10.1 ;
    %jmp T_10;
    .thread T_10;
    .scope S_0x16545c0;
T_11 ;
    %wait E_0x162a3e0;
    %load/v 8, v0x16549a0_0, 1;
    %jmp/0xz  T_11.0, 8;
    %ix/load 0, 8, 0;
    %assign/v0 v0x1654900_0, 0, 0;
    %jmp T_11.1;
T_11.0 ;
    %load/v 8, v0x1654860_0, 8;
    %ix/load 0, 8, 0;
    %assign/v0 v0x1654900_0, 0, 8;
T_11.1 ;
    %jmp T_11;
    .thread T_11;
    .scope S_0x1654210;
T_12 ;
    %wait E_0x162a3e0;
    %load/v 8, v0x1654540_0, 1;
    %jmp/0xz  T_12.0, 8;
    %ix/load 0, 8, 0;
    %assign/v0 v0x1654420_0, 0, 0;
    %jmp T_12.1;
T_12.0 ;
    %load/v 8, v0x1654380_0, 1;
    %jmp/0xz  T_12.2, 8;
    %load/v 8, v0x16544c0_0, 8;
    %ix/load 0, 8, 0;
    %assign/v0 v0x1654420_0, 0, 8;
T_12.2 ;
T_12.1 ;
    %jmp T_12;
    .thread T_12;
    .scope S_0x1653db0;
T_13 ;
    %wait E_0x162a3e0;
    %load/v 8, v0x1654140_0, 1;
    %jmp/0xz  T_13.0, 8;
    %ix/load 0, 8, 0;
    %assign/v0 v0x1653ff0_0, 0, 0;
    %jmp T_13.1;
T_13.0 ;
    %load/v 8, v0x1653f70_0, 1;
    %jmp/0xz  T_13.2, 8;
    %load/v 8, v0x1654070_0, 8;
    %ix/load 0, 8, 0;
    %assign/v0 v0x1653ff0_0, 0, 8;
T_13.2 ;
T_13.1 ;
    %jmp T_13;
    .thread T_13;
    .scope S_0x1653940;
T_14 ;
    %wait E_0x162a3e0;
    %load/v 8, v0x1653d00_0, 1;
    %jmp/0xz  T_14.0, 8;
    %ix/load 0, 8, 0;
    %assign/v0 v0x1653b80_0, 0, 0;
    %jmp T_14.1;
T_14.0 ;
    %load/v 8, v0x1653b00_0, 1;
    %jmp/0xz  T_14.2, 8;
    %load/v 8, v0x1653c20_0, 8;
    %ix/load 0, 8, 0;
    %assign/v0 v0x1653b80_0, 0, 8;
T_14.2 ;
T_14.1 ;
    %jmp T_14;
    .thread T_14;
    .scope S_0x16304d0;
T_15 ;
    %wait E_0x162a3e0;
    %load/v 8, v0x16538a0_0, 1;
    %jmp/0xz  T_15.0, 8;
    %ix/load 0, 8, 0;
    %assign/v0 v0x1653750_0, 0, 0;
    %jmp T_15.1;
T_15.0 ;
    %load/v 8, v0x16536b0_0, 1;
    %jmp/0xz  T_15.2, 8;
    %load/v 8, v0x16537f0_0, 8;
    %ix/load 0, 8, 0;
    %assign/v0 v0x1653750_0, 0, 8;
T_15.2 ;
T_15.1 ;
    %jmp T_15;
    .thread T_15;
    .scope S_0x161a210;
T_16 ;
    %movi 8, 5, 8;
    %set/v v0x165d560_0, 8, 8;
    %movi 8, 1, 8;
    %set/v v0x165d5e0_0, 8, 8;
    %movi 8, 4, 8;
    %set/v v0x165d660_0, 8, 8;
    %set/v v0x165d6e0_0, 0, 8;
    %end;
    .thread T_16;
    .scope S_0x161a210;
T_17 ;
    %set/v v0x165cff0_0, 1, 1;
    %delay 500, 0;
    %set/v v0x165cff0_0, 0, 1;
    %delay 500, 0;
    %jmp T_17;
    .thread T_17;
    .scope S_0x161a210;
T_18 ;
    %vpi_call 2 35 "$monitor";
    %vpi_call 2 36 "$dumpfile", "intel.vcd";
    %vpi_call 2 37 "$dumpvars";
    %set/v v0x165d460_0, 1, 1;
    %delay 200, 0;
    %set/v v0x165d460_0, 0, 1;
    %delay 80000, 0;
    %vpi_call 2 43 "$finish";
    %end;
    .thread T_18;
# The file index is used to find the file name in the following table.
:file_names 9;
    "N/A";
    "<interactive>";
    "procesador_tb.v";
    "./procesador.v";
    "./uc.v";
    "./microc.v";
    "./componentes.v";
    "./memprog.v";
    "./alu.v";
